/home/isabella-herrarte/robotica-servicios-2025-iherrl00-reorganizado/P7/ros2_ws/install/human_tf_camera_example/lib/python3.12/site-packages/human_tf_camera_example/human_position_estimator.py
/home/isabella-herrarte/robotica-servicios-2025-iherrl00-reorganizado/P7/ros2_ws/install/human_tf_camera_example/lib/python3.12/site-packages/human_tf_camera_example/__init__.py
/home/isabella-herrarte/robotica-servicios-2025-iherrl00-reorganizado/P7/ros2_ws/install/human_tf_camera_example/lib/python3.12/site-packages/human_tf_camera_example/static_broadcaster.py
/home/isabella-herrarte/robotica-servicios-2025-iherrl00-reorganizado/P7/ros2_ws/install/human_tf_camera_example/lib/python3.12/site-packages/human_tf_camera_example/human_position_to_baselink.py
/home/isabella-herrarte/robotica-servicios-2025-iherrl00-reorganizado/P7/ros2_ws/install/human_tf_camera_example/lib/python3.12/site-packages/human_tf_camera_example/__pycache__/human_position_estimator.cpython-312.pyc
/home/isabella-herrarte/robotica-servicios-2025-iherrl00-reorganizado/P7/ros2_ws/install/human_tf_camera_example/lib/python3.12/site-packages/human_tf_camera_example/__pycache__/__init__.cpython-312.pyc
/home/isabella-herrarte/robotica-servicios-2025-iherrl00-reorganizado/P7/ros2_ws/install/human_tf_camera_example/lib/python3.12/site-packages/human_tf_camera_example/__pycache__/static_broadcaster.cpython-312.pyc
/home/isabella-herrarte/robotica-servicios-2025-iherrl00-reorganizado/P7/ros2_ws/install/human_tf_camera_example/lib/python3.12/site-packages/human_tf_camera_example/__pycache__/human_position_to_baselink.cpython-312.pyc
/home/isabella-herrarte/robotica-servicios-2025-iherrl00-reorganizado/P7/ros2_ws/install/human_tf_camera_example/share/ament_index/resource_index/packages/human_tf_camera_example
/home/isabella-herrarte/robotica-servicios-2025-iherrl00-reorganizado/P7/ros2_ws/install/human_tf_camera_example/share/human_tf_camera_example/package.xml
/home/isabella-herrarte/robotica-servicios-2025-iherrl00-reorganizado/P7/ros2_ws/install/human_tf_camera_example/share/human_tf_camera_example/launch/human_tf.launch.py
/home/isabella-herrarte/robotica-servicios-2025-iherrl00-reorganizado/P7/ros2_ws/install/human_tf_camera_example/lib/python3.12/site-packages/human_tf_camera_example-0.0.0-py3.12.egg-info/top_level.txt
/home/isabella-herrarte/robotica-servicios-2025-iherrl00-reorganizado/P7/ros2_ws/install/human_tf_camera_example/lib/python3.12/site-packages/human_tf_camera_example-0.0.0-py3.12.egg-info/dependency_links.txt
/home/isabella-herrarte/robotica-servicios-2025-iherrl00-reorganizado/P7/ros2_ws/install/human_tf_camera_example/lib/python3.12/site-packages/human_tf_camera_example-0.0.0-py3.12.egg-info/entry_points.txt
/home/isabella-herrarte/robotica-servicios-2025-iherrl00-reorganizado/P7/ros2_ws/install/human_tf_camera_example/lib/python3.12/site-packages/human_tf_camera_example-0.0.0-py3.12.egg-info/zip-safe
/home/isabella-herrarte/robotica-servicios-2025-iherrl00-reorganizado/P7/ros2_ws/install/human_tf_camera_example/lib/python3.12/site-packages/human_tf_camera_example-0.0.0-py3.12.egg-info/SOURCES.txt
/home/isabella-herrarte/robotica-servicios-2025-iherrl00-reorganizado/P7/ros2_ws/install/human_tf_camera_example/lib/python3.12/site-packages/human_tf_camera_example-0.0.0-py3.12.egg-info/requires.txt
/home/isabella-herrarte/robotica-servicios-2025-iherrl00-reorganizado/P7/ros2_ws/install/human_tf_camera_example/lib/python3.12/site-packages/human_tf_camera_example-0.0.0-py3.12.egg-info/PKG-INFO
/home/isabella-herrarte/robotica-servicios-2025-iherrl00-reorganizado/P7/ros2_ws/install/human_tf_camera_example/lib/human_tf_camera_example/human_position_estimator.py
/home/isabella-herrarte/robotica-servicios-2025-iherrl00-reorganizado/P7/ros2_ws/install/human_tf_camera_example/lib/human_tf_camera_example/human_position_to_baselink.py
/home/isabella-herrarte/robotica-servicios-2025-iherrl00-reorganizado/P7/ros2_ws/install/human_tf_camera_example/lib/human_tf_camera_example/static_broadcaster.py
