[0.187s] DEBUG:colcon:Command line arguments: ['/usr/bin/colcon', 'build']
[0.187s] DEBUG:colcon:Parsed command line arguments: Namespace(log_base=None, log_level=None, verb_name='build', build_base='build', install_base='install', merge_install=False, symlink_install=False, test_result_base=None, continue_on_error=False, executor='parallel', parallel_workers=12, event_handlers=None, ignore_user_meta=False, metas=['./colcon.meta'], base_paths=['.'], packages_ignore=None, packages_ignore_regex=None, paths=None, packages_up_to=None, packages_up_to_regex=None, packages_above=None, packages_above_and_dependencies=None, packages_above_depth=None, packages_select_by_dep=None, packages_skip_by_dep=None, packages_skip_up_to=None, packages_select_build_failed=False, packages_skip_build_finished=False, packages_select_test_failures=False, packages_skip_test_passed=False, packages_select=None, packages_skip=None, packages_select_regex=None, packages_skip_regex=None, packages_start=None, packages_end=None, allow_overriding=[], cmake_args=None, cmake_target=None, cmake_target_skip_unavailable=False, cmake_clean_cache=False, cmake_clean_first=False, cmake_force_configure=False, ament_cmake_args=None, catkin_cmake_args=None, catkin_skip_building_tests=False, mixin_files=None, mixin=None, verb_parser=<colcon_mixin.mixin.mixin_argument.MixinArgumentDecorator object at 0x726e315a4f80>, verb_extension=<colcon_core.verb.build.BuildVerb object at 0x726e316c5550>, main=<bound method BuildVerb.main of <colcon_core.verb.build.BuildVerb object at 0x726e316c5550>>, mixin_verb=('build',))
[0.255s] Level 1:colcon.colcon_core.package_discovery:discover_packages(colcon_meta) check parameters
[0.255s] Level 1:colcon.colcon_core.package_discovery:discover_packages(recursive) check parameters
[0.255s] Level 1:colcon.colcon_core.package_discovery:discover_packages(ignore) check parameters
[0.255s] Level 1:colcon.colcon_core.package_discovery:discover_packages(path) check parameters
[0.255s] Level 1:colcon.colcon_core.package_discovery:discover_packages(colcon_meta) discover
[0.255s] Level 1:colcon.colcon_core.package_discovery:discover_packages(recursive) discover
[0.255s] INFO:colcon.colcon_core.package_discovery:Crawling recursively for packages in '/home/isabella-herrarte/robotica-servicios-2025-iherrl00-reorganizado/P1/ros2_ws'
[0.255s] Level 1:colcon.colcon_core.package_identification:_identify(.) by extensions ['ignore', 'ignore_ament_install']
[0.255s] Level 1:colcon.colcon_core.package_identification:_identify(.) by extension 'ignore'
[0.255s] Level 1:colcon.colcon_core.package_identification:_identify(.) by extension 'ignore_ament_install'
[0.256s] Level 1:colcon.colcon_core.package_identification:_identify(.) by extensions ['colcon_pkg']
[0.256s] Level 1:colcon.colcon_core.package_identification:_identify(.) by extension 'colcon_pkg'
[0.256s] Level 1:colcon.colcon_core.package_identification:_identify(.) by extensions ['colcon_meta']
[0.256s] Level 1:colcon.colcon_core.package_identification:_identify(.) by extension 'colcon_meta'
[0.256s] Level 1:colcon.colcon_core.package_identification:_identify(.) by extensions ['ros']
[0.256s] Level 1:colcon.colcon_core.package_identification:_identify(.) by extension 'ros'
[0.300s] Level 1:colcon.colcon_core.package_identification:_identify(.) by extensions ['cmake', 'python']
[0.300s] Level 1:colcon.colcon_core.package_identification:_identify(.) by extension 'cmake'
[0.300s] Level 1:colcon.colcon_core.package_identification:_identify(.) by extension 'python'
[0.300s] Level 1:colcon.colcon_core.package_identification:_identify(.) by extensions ['python_setup_py']
[0.300s] Level 1:colcon.colcon_core.package_identification:_identify(.) by extension 'python_setup_py'
[0.300s] Level 1:colcon.colcon_core.package_identification:_identify(build) by extensions ['ignore', 'ignore_ament_install']
[0.300s] Level 1:colcon.colcon_core.package_identification:_identify(build) by extension 'ignore'
[0.300s] Level 1:colcon.colcon_core.package_identification:_identify(build) ignored
[0.301s] Level 1:colcon.colcon_core.package_identification:_identify(install) by extensions ['ignore', 'ignore_ament_install']
[0.301s] Level 1:colcon.colcon_core.package_identification:_identify(install) by extension 'ignore'
[0.301s] Level 1:colcon.colcon_core.package_identification:_identify(install) ignored
[0.301s] Level 1:colcon.colcon_core.package_identification:_identify(log) by extensions ['ignore', 'ignore_ament_install']
[0.301s] Level 1:colcon.colcon_core.package_identification:_identify(log) by extension 'ignore'
[0.301s] Level 1:colcon.colcon_core.package_identification:_identify(log) ignored
[0.301s] Level 1:colcon.colcon_core.package_identification:_identify(src) by extensions ['ignore', 'ignore_ament_install']
[0.301s] Level 1:colcon.colcon_core.package_identification:_identify(src) by extension 'ignore'
[0.301s] Level 1:colcon.colcon_core.package_identification:_identify(src) by extension 'ignore_ament_install'
[0.301s] Level 1:colcon.colcon_core.package_identification:_identify(src) by extensions ['colcon_pkg']
[0.302s] Level 1:colcon.colcon_core.package_identification:_identify(src) by extension 'colcon_pkg'
[0.302s] Level 1:colcon.colcon_core.package_identification:_identify(src) by extensions ['colcon_meta']
[0.302s] Level 1:colcon.colcon_core.package_identification:_identify(src) by extension 'colcon_meta'
[0.302s] Level 1:colcon.colcon_core.package_identification:_identify(src) by extensions ['ros']
[0.302s] Level 1:colcon.colcon_core.package_identification:_identify(src) by extension 'ros'
[0.302s] Level 1:colcon.colcon_core.package_identification:_identify(src) by extensions ['cmake', 'python']
[0.302s] Level 1:colcon.colcon_core.package_identification:_identify(src) by extension 'cmake'
[0.302s] Level 1:colcon.colcon_core.package_identification:_identify(src) by extension 'python'
[0.302s] Level 1:colcon.colcon_core.package_identification:_identify(src) by extensions ['python_setup_py']
[0.302s] Level 1:colcon.colcon_core.package_identification:_identify(src) by extension 'python_setup_py'
[0.302s] Level 1:colcon.colcon_core.package_identification:_identify(src/cpp_pubsub) by extensions ['ignore', 'ignore_ament_install']
[0.302s] Level 1:colcon.colcon_core.package_identification:_identify(src/cpp_pubsub) by extension 'ignore'
[0.302s] Level 1:colcon.colcon_core.package_identification:_identify(src/cpp_pubsub) by extension 'ignore_ament_install'
[0.302s] Level 1:colcon.colcon_core.package_identification:_identify(src/cpp_pubsub) by extensions ['colcon_pkg']
[0.303s] Level 1:colcon.colcon_core.package_identification:_identify(src/cpp_pubsub) by extension 'colcon_pkg'
[0.303s] Level 1:colcon.colcon_core.package_identification:_identify(src/cpp_pubsub) by extensions ['colcon_meta']
[0.303s] Level 1:colcon.colcon_core.package_identification:_identify(src/cpp_pubsub) by extension 'colcon_meta'
[0.303s] Level 1:colcon.colcon_core.package_identification:_identify(src/cpp_pubsub) by extensions ['ros']
[0.303s] Level 1:colcon.colcon_core.package_identification:_identify(src/cpp_pubsub) by extension 'ros'
[0.307s] DEBUG:colcon.colcon_core.package_identification:Package 'src/cpp_pubsub' with type 'ros.ament_cmake' and name 'cpp_pubsub'
[0.307s] Level 1:colcon.colcon_core.package_identification:_identify(src/py_pubsub) by extensions ['ignore', 'ignore_ament_install']
[0.307s] Level 1:colcon.colcon_core.package_identification:_identify(src/py_pubsub) by extension 'ignore'
[0.307s] Level 1:colcon.colcon_core.package_identification:_identify(src/py_pubsub) by extension 'ignore_ament_install'
[0.307s] Level 1:colcon.colcon_core.package_identification:_identify(src/py_pubsub) by extensions ['colcon_pkg']
[0.307s] Level 1:colcon.colcon_core.package_identification:_identify(src/py_pubsub) by extension 'colcon_pkg'
[0.307s] Level 1:colcon.colcon_core.package_identification:_identify(src/py_pubsub) by extensions ['colcon_meta']
[0.307s] Level 1:colcon.colcon_core.package_identification:_identify(src/py_pubsub) by extension 'colcon_meta'
[0.307s] Level 1:colcon.colcon_core.package_identification:_identify(src/py_pubsub) by extensions ['ros']
[0.307s] Level 1:colcon.colcon_core.package_identification:_identify(src/py_pubsub) by extension 'ros'
[0.308s] DEBUG:colcon.colcon_core.package_identification:Package 'src/py_pubsub' with type 'ros.ament_python' and name 'py_pubsub'
[0.308s] Level 1:colcon.colcon_core.package_identification:_identify(src/usb_cam) by extensions ['ignore', 'ignore_ament_install']
[0.308s] Level 1:colcon.colcon_core.package_identification:_identify(src/usb_cam) by extension 'ignore'
[0.309s] Level 1:colcon.colcon_core.package_identification:_identify(src/usb_cam) by extension 'ignore_ament_install'
[0.309s] Level 1:colcon.colcon_core.package_identification:_identify(src/usb_cam) by extensions ['colcon_pkg']
[0.309s] Level 1:colcon.colcon_core.package_identification:_identify(src/usb_cam) by extension 'colcon_pkg'
[0.309s] Level 1:colcon.colcon_core.package_identification:_identify(src/usb_cam) by extensions ['colcon_meta']
[0.309s] Level 1:colcon.colcon_core.package_identification:_identify(src/usb_cam) by extension 'colcon_meta'
[0.309s] Level 1:colcon.colcon_core.package_identification:_identify(src/usb_cam) by extensions ['ros']
[0.309s] Level 1:colcon.colcon_core.package_identification:_identify(src/usb_cam) by extension 'ros'
[0.311s] DEBUG:colcon.colcon_core.package_identification:Package 'src/usb_cam' with type 'ros.ament_cmake' and name 'usb_cam'
[0.311s] Level 1:colcon.colcon_core.package_discovery:discover_packages(recursive) using defaults
[0.311s] Level 1:colcon.colcon_core.package_discovery:discover_packages(ignore) discover
[0.311s] Level 1:colcon.colcon_core.package_discovery:discover_packages(ignore) using defaults
[0.311s] Level 1:colcon.colcon_core.package_discovery:discover_packages(path) discover
[0.311s] Level 1:colcon.colcon_core.package_discovery:discover_packages(path) using defaults
[0.341s] Level 1:colcon.colcon_core.package_discovery:discover_packages(prefix_path) check parameters
[0.341s] Level 1:colcon.colcon_core.package_discovery:discover_packages(prefix_path) discover
[0.347s] DEBUG:colcon.colcon_installed_package_information.package_discovery:Found 457 installed packages in /opt/ros/jazzy
[0.350s] Level 1:colcon.colcon_core.package_discovery:discover_packages(prefix_path) using defaults
[0.453s] Level 5:colcon.colcon_core.verb:set package 'cpp_pubsub' build argument 'cmake_args' from command line to 'None'
[0.454s] Level 5:colcon.colcon_core.verb:set package 'cpp_pubsub' build argument 'cmake_target' from command line to 'None'
[0.454s] Level 5:colcon.colcon_core.verb:set package 'cpp_pubsub' build argument 'cmake_target_skip_unavailable' from command line to 'False'
[0.454s] Level 5:colcon.colcon_core.verb:set package 'cpp_pubsub' build argument 'cmake_clean_cache' from command line to 'False'
[0.454s] Level 5:colcon.colcon_core.verb:set package 'cpp_pubsub' build argument 'cmake_clean_first' from command line to 'False'
[0.454s] Level 5:colcon.colcon_core.verb:set package 'cpp_pubsub' build argument 'cmake_force_configure' from command line to 'False'
[0.454s] Level 5:colcon.colcon_core.verb:set package 'cpp_pubsub' build argument 'ament_cmake_args' from command line to 'None'
[0.454s] Level 5:colcon.colcon_core.verb:set package 'cpp_pubsub' build argument 'catkin_cmake_args' from command line to 'None'
[0.454s] Level 5:colcon.colcon_core.verb:set package 'cpp_pubsub' build argument 'catkin_skip_building_tests' from command line to 'False'
[0.454s] DEBUG:colcon.colcon_core.verb:Building package 'cpp_pubsub' with the following arguments: {'ament_cmake_args': None, 'build_base': '/home/isabella-herrarte/robotica-servicios-2025-iherrl00-reorganizado/P1/ros2_ws/build/cpp_pubsub', 'catkin_cmake_args': None, 'catkin_skip_building_tests': False, 'cmake_args': None, 'cmake_clean_cache': False, 'cmake_clean_first': False, 'cmake_force_configure': False, 'cmake_target': None, 'cmake_target_skip_unavailable': False, 'install_base': '/home/isabella-herrarte/robotica-servicios-2025-iherrl00-reorganizado/P1/ros2_ws/install/cpp_pubsub', 'merge_install': False, 'path': '/home/isabella-herrarte/robotica-servicios-2025-iherrl00-reorganizado/P1/ros2_ws/src/cpp_pubsub', 'symlink_install': False, 'test_result_base': None}
[0.454s] Level 5:colcon.colcon_core.verb:set package 'py_pubsub' build argument 'cmake_args' from command line to 'None'
[0.454s] Level 5:colcon.colcon_core.verb:set package 'py_pubsub' build argument 'cmake_target' from command line to 'None'
[0.454s] Level 5:colcon.colcon_core.verb:set package 'py_pubsub' build argument 'cmake_target_skip_unavailable' from command line to 'False'
[0.454s] Level 5:colcon.colcon_core.verb:set package 'py_pubsub' build argument 'cmake_clean_cache' from command line to 'False'
[0.455s] Level 5:colcon.colcon_core.verb:set package 'py_pubsub' build argument 'cmake_clean_first' from command line to 'False'
[0.455s] Level 5:colcon.colcon_core.verb:set package 'py_pubsub' build argument 'cmake_force_configure' from command line to 'False'
[0.455s] Level 5:colcon.colcon_core.verb:set package 'py_pubsub' build argument 'ament_cmake_args' from command line to 'None'
[0.455s] Level 5:colcon.colcon_core.verb:set package 'py_pubsub' build argument 'catkin_cmake_args' from command line to 'None'
[0.455s] Level 5:colcon.colcon_core.verb:set package 'py_pubsub' build argument 'catkin_skip_building_tests' from command line to 'False'
[0.455s] DEBUG:colcon.colcon_core.verb:Building package 'py_pubsub' with the following arguments: {'ament_cmake_args': None, 'build_base': '/home/isabella-herrarte/robotica-servicios-2025-iherrl00-reorganizado/P1/ros2_ws/build/py_pubsub', 'catkin_cmake_args': None, 'catkin_skip_building_tests': False, 'cmake_args': None, 'cmake_clean_cache': False, 'cmake_clean_first': False, 'cmake_force_configure': False, 'cmake_target': None, 'cmake_target_skip_unavailable': False, 'install_base': '/home/isabella-herrarte/robotica-servicios-2025-iherrl00-reorganizado/P1/ros2_ws/install/py_pubsub', 'merge_install': False, 'path': '/home/isabella-herrarte/robotica-servicios-2025-iherrl00-reorganizado/P1/ros2_ws/src/py_pubsub', 'symlink_install': False, 'test_result_base': None}
[0.455s] Level 5:colcon.colcon_core.verb:set package 'usb_cam' build argument 'cmake_args' from command line to 'None'
[0.455s] Level 5:colcon.colcon_core.verb:set package 'usb_cam' build argument 'cmake_target' from command line to 'None'
[0.455s] Level 5:colcon.colcon_core.verb:set package 'usb_cam' build argument 'cmake_target_skip_unavailable' from command line to 'False'
[0.455s] Level 5:colcon.colcon_core.verb:set package 'usb_cam' build argument 'cmake_clean_cache' from command line to 'False'
[0.455s] Level 5:colcon.colcon_core.verb:set package 'usb_cam' build argument 'cmake_clean_first' from command line to 'False'
[0.455s] Level 5:colcon.colcon_core.verb:set package 'usb_cam' build argument 'cmake_force_configure' from command line to 'False'
[0.455s] Level 5:colcon.colcon_core.verb:set package 'usb_cam' build argument 'ament_cmake_args' from command line to 'None'
[0.455s] Level 5:colcon.colcon_core.verb:set package 'usb_cam' build argument 'catkin_cmake_args' from command line to 'None'
[0.455s] Level 5:colcon.colcon_core.verb:set package 'usb_cam' build argument 'catkin_skip_building_tests' from command line to 'False'
[0.455s] DEBUG:colcon.colcon_core.verb:Building package 'usb_cam' with the following arguments: {'ament_cmake_args': None, 'build_base': '/home/isabella-herrarte/robotica-servicios-2025-iherrl00-reorganizado/P1/ros2_ws/build/usb_cam', 'catkin_cmake_args': None, 'catkin_skip_building_tests': False, 'cmake_args': None, 'cmake_clean_cache': False, 'cmake_clean_first': False, 'cmake_force_configure': False, 'cmake_target': None, 'cmake_target_skip_unavailable': False, 'install_base': '/home/isabella-herrarte/robotica-servicios-2025-iherrl00-reorganizado/P1/ros2_ws/install/usb_cam', 'merge_install': False, 'path': '/home/isabella-herrarte/robotica-servicios-2025-iherrl00-reorganizado/P1/ros2_ws/src/usb_cam', 'symlink_install': False, 'test_result_base': None}
[0.455s] INFO:colcon.colcon_core.executor:Executing jobs using 'parallel' executor
[0.457s] DEBUG:colcon.colcon_parallel_executor.executor.parallel:run_until_complete
[0.457s] INFO:colcon.colcon_ros.task.ament_cmake.build:Building ROS package in '/home/isabella-herrarte/robotica-servicios-2025-iherrl00-reorganizado/P1/ros2_ws/src/cpp_pubsub' with build type 'ament_cmake'
[0.458s] INFO:colcon.colcon_cmake.task.cmake.build:Building CMake package in '/home/isabella-herrarte/robotica-servicios-2025-iherrl00-reorganizado/P1/ros2_ws/src/cpp_pubsub'
[0.461s] INFO:colcon.colcon_core.plugin_system:Skipping extension 'colcon_core.shell.bat': Not used on non-Windows systems
[0.461s] INFO:colcon.colcon_core.shell:Skip shell extension 'powershell' for command environment: Not usable outside of PowerShell
[0.461s] DEBUG:colcon.colcon_core.shell:Skip shell extension 'dsv' for command environment
[0.468s] INFO:colcon.colcon_ros.task.ament_python.build:Building ROS package in '/home/isabella-herrarte/robotica-servicios-2025-iherrl00-reorganizado/P1/ros2_ws/src/py_pubsub' with build type 'ament_python'
[0.468s] Level 1:colcon.colcon_core.shell:create_environment_hook('py_pubsub', 'ament_prefix_path')
[0.469s] INFO:colcon.colcon_core.shell:Creating environment hook '/home/isabella-herrarte/robotica-servicios-2025-iherrl00-reorganizado/P1/ros2_ws/install/py_pubsub/share/py_pubsub/hook/ament_prefix_path.ps1'
[0.477s] INFO:colcon.colcon_core.shell:Creating environment descriptor '/home/isabella-herrarte/robotica-servicios-2025-iherrl00-reorganizado/P1/ros2_ws/install/py_pubsub/share/py_pubsub/hook/ament_prefix_path.dsv'
[0.478s] INFO:colcon.colcon_core.shell:Creating environment hook '/home/isabella-herrarte/robotica-servicios-2025-iherrl00-reorganizado/P1/ros2_ws/install/py_pubsub/share/py_pubsub/hook/ament_prefix_path.sh'
[0.480s] INFO:colcon.colcon_core.shell:Skip shell extension 'powershell' for command environment: Not usable outside of PowerShell
[0.480s] DEBUG:colcon.colcon_core.shell:Skip shell extension 'dsv' for command environment
[0.486s] INFO:colcon.colcon_ros.task.ament_cmake.build:Building ROS package in '/home/isabella-herrarte/robotica-servicios-2025-iherrl00-reorganizado/P1/ros2_ws/src/usb_cam' with build type 'ament_cmake'
[0.487s] INFO:colcon.colcon_cmake.task.cmake.build:Building CMake package in '/home/isabella-herrarte/robotica-servicios-2025-iherrl00-reorganizado/P1/ros2_ws/src/usb_cam'
[0.487s] INFO:colcon.colcon_core.shell:Skip shell extension 'powershell' for command environment: Not usable outside of PowerShell
[0.487s] DEBUG:colcon.colcon_core.shell:Skip shell extension 'dsv' for command environment
[0.500s] DEBUG:colcon.colcon_core.event_handler.log_command:Invoking command in '/home/isabella-herrarte/robotica-servicios-2025-iherrl00-reorganizado/P1/ros2_ws/build/cpp_pubsub': CMAKE_PREFIX_PATH=${CMAKE_PREFIX_PATH}:/opt/ros/jazzy DEBUGINFOD_URLS=https://debuginfod.ubuntu.com /usr/bin/cmake /home/isabella-herrarte/robotica-servicios-2025-iherrl00-reorganizado/P1/ros2_ws/src/cpp_pubsub -DCMAKE_INSTALL_PREFIX=/home/isabella-herrarte/robotica-servicios-2025-iherrl00-reorganizado/P1/ros2_ws/install/cpp_pubsub
[0.916s] INFO:colcon.colcon_core.task.python.build:Building Python package in '/home/isabella-herrarte/robotica-servicios-2025-iherrl00-reorganizado/P1/ros2_ws/src/py_pubsub'
[0.916s] INFO:colcon.colcon_core.shell:Skip shell extension 'powershell' for command environment: Not usable outside of PowerShell
[0.916s] DEBUG:colcon.colcon_core.shell:Skip shell extension 'dsv' for command environment
[0.931s] DEBUG:colcon.colcon_core.event_handler.log_command:Invoking command in '/home/isabella-herrarte/robotica-servicios-2025-iherrl00-reorganizado/P1/ros2_ws/build/usb_cam': CMAKE_PREFIX_PATH=${CMAKE_PREFIX_PATH}:/opt/ros/jazzy DEBUGINFOD_URLS=https://debuginfod.ubuntu.com /usr/bin/cmake /home/isabella-herrarte/robotica-servicios-2025-iherrl00-reorganizado/P1/ros2_ws/src/usb_cam -DCMAKE_INSTALL_PREFIX=/home/isabella-herrarte/robotica-servicios-2025-iherrl00-reorganizado/P1/ros2_ws/install/usb_cam
[2.308s] DEBUG:colcon.colcon_core.event_handler.log_command:Invoking command in '/home/isabella-herrarte/robotica-servicios-2025-iherrl00-reorganizado/P1/ros2_ws/src/py_pubsub': DEBUGINFOD_URLS=https://debuginfod.ubuntu.com PYTHONPATH=/home/isabella-herrarte/robotica-servicios-2025-iherrl00-reorganizado/P1/ros2_ws/build/py_pubsub/prefix_override:/usr/lib/python3/dist-packages/colcon_core/task/python/colcon_distutils_commands:/home/isabella-herrarte/robotica-servicios-2025-iherrl00-reorganizado/P1/ros2_ws/install/py_pubsub/lib/python3.12/site-packages:${PYTHONPATH} /usr/bin/python3 -W ignore:setup.py install is deprecated -W ignore:easy_install command is deprecated setup.py egg_info --egg-base ../../build/py_pubsub build --build-base /home/isabella-herrarte/robotica-servicios-2025-iherrl00-reorganizado/P1/ros2_ws/build/py_pubsub/build install --record /home/isabella-herrarte/robotica-servicios-2025-iherrl00-reorganizado/P1/ros2_ws/build/py_pubsub/install.log --single-version-externally-managed install_data
[3.142s] DEBUG:colcon.colcon_core.event_handler.log_command:Invoked command in '/home/isabella-herrarte/robotica-servicios-2025-iherrl00-reorganizado/P1/ros2_ws/build/cpp_pubsub' returned '0': CMAKE_PREFIX_PATH=${CMAKE_PREFIX_PATH}:/opt/ros/jazzy DEBUGINFOD_URLS=https://debuginfod.ubuntu.com /usr/bin/cmake /home/isabella-herrarte/robotica-servicios-2025-iherrl00-reorganizado/P1/ros2_ws/src/cpp_pubsub -DCMAKE_INSTALL_PREFIX=/home/isabella-herrarte/robotica-servicios-2025-iherrl00-reorganizado/P1/ros2_ws/install/cpp_pubsub
[3.144s] DEBUG:colcon.colcon_core.event_handler.log_command:Invoking command in '/home/isabella-herrarte/robotica-servicios-2025-iherrl00-reorganizado/P1/ros2_ws/build/cpp_pubsub': CMAKE_PREFIX_PATH=${CMAKE_PREFIX_PATH}:/opt/ros/jazzy DEBUGINFOD_URLS=https://debuginfod.ubuntu.com /usr/bin/cmake --build /home/isabella-herrarte/robotica-servicios-2025-iherrl00-reorganizado/P1/ros2_ws/build/cpp_pubsub -- -j12 -l12
[3.368s] DEBUG:colcon.colcon_core.event_handler.log_command:Invoked command in '/home/isabella-herrarte/robotica-servicios-2025-iherrl00-reorganizado/P1/ros2_ws/src/py_pubsub' returned '0': DEBUGINFOD_URLS=https://debuginfod.ubuntu.com PYTHONPATH=/home/isabella-herrarte/robotica-servicios-2025-iherrl00-reorganizado/P1/ros2_ws/build/py_pubsub/prefix_override:/usr/lib/python3/dist-packages/colcon_core/task/python/colcon_distutils_commands:/home/isabella-herrarte/robotica-servicios-2025-iherrl00-reorganizado/P1/ros2_ws/install/py_pubsub/lib/python3.12/site-packages:${PYTHONPATH} /usr/bin/python3 -W ignore:setup.py install is deprecated -W ignore:easy_install command is deprecated setup.py egg_info --egg-base ../../build/py_pubsub build --build-base /home/isabella-herrarte/robotica-servicios-2025-iherrl00-reorganizado/P1/ros2_ws/build/py_pubsub/build install --record /home/isabella-herrarte/robotica-servicios-2025-iherrl00-reorganizado/P1/ros2_ws/build/py_pubsub/install.log --single-version-externally-managed install_data
[3.371s] Level 1:colcon.colcon_core.environment:checking '/home/isabella-herrarte/robotica-servicios-2025-iherrl00-reorganizado/P1/ros2_ws/install/py_pubsub' for CMake module files
[3.372s] Level 1:colcon.colcon_core.environment:checking '/home/isabella-herrarte/robotica-servicios-2025-iherrl00-reorganizado/P1/ros2_ws/install/py_pubsub' for CMake config files
[3.373s] Level 1:colcon.colcon_core.environment:checking '/home/isabella-herrarte/robotica-servicios-2025-iherrl00-reorganizado/P1/ros2_ws/install/py_pubsub/lib'
[3.373s] Level 1:colcon.colcon_core.environment:checking '/home/isabella-herrarte/robotica-servicios-2025-iherrl00-reorganizado/P1/ros2_ws/install/py_pubsub/bin'
[3.373s] Level 1:colcon.colcon_core.environment:checking '/home/isabella-herrarte/robotica-servicios-2025-iherrl00-reorganizado/P1/ros2_ws/install/py_pubsub/lib/pkgconfig/py_pubsub.pc'
[3.374s] Level 1:colcon.colcon_core.environment:checking '/home/isabella-herrarte/robotica-servicios-2025-iherrl00-reorganizado/P1/ros2_ws/install/py_pubsub/lib/python3.12/site-packages'
[3.374s] Level 1:colcon.colcon_core.shell:create_environment_hook('py_pubsub', 'pythonpath')
[3.374s] INFO:colcon.colcon_core.shell:Creating environment hook '/home/isabella-herrarte/robotica-servicios-2025-iherrl00-reorganizado/P1/ros2_ws/install/py_pubsub/share/py_pubsub/hook/pythonpath.ps1'
[3.375s] INFO:colcon.colcon_core.shell:Creating environment descriptor '/home/isabella-herrarte/robotica-servicios-2025-iherrl00-reorganizado/P1/ros2_ws/install/py_pubsub/share/py_pubsub/hook/pythonpath.dsv'
[3.375s] INFO:colcon.colcon_core.shell:Creating environment hook '/home/isabella-herrarte/robotica-servicios-2025-iherrl00-reorganizado/P1/ros2_ws/install/py_pubsub/share/py_pubsub/hook/pythonpath.sh'
[3.376s] Level 1:colcon.colcon_core.environment:checking '/home/isabella-herrarte/robotica-servicios-2025-iherrl00-reorganizado/P1/ros2_ws/install/py_pubsub/bin'
[3.376s] Level 1:colcon.colcon_core.environment:create_environment_scripts_only(py_pubsub)
[3.377s] INFO:colcon.colcon_core.shell:Creating package script '/home/isabella-herrarte/robotica-servicios-2025-iherrl00-reorganizado/P1/ros2_ws/install/py_pubsub/share/py_pubsub/package.ps1'
[3.378s] INFO:colcon.colcon_core.shell:Creating package descriptor '/home/isabella-herrarte/robotica-servicios-2025-iherrl00-reorganizado/P1/ros2_ws/install/py_pubsub/share/py_pubsub/package.dsv'
[3.378s] INFO:colcon.colcon_core.shell:Creating package script '/home/isabella-herrarte/robotica-servicios-2025-iherrl00-reorganizado/P1/ros2_ws/install/py_pubsub/share/py_pubsub/package.sh'
[3.379s] INFO:colcon.colcon_core.shell:Creating package script '/home/isabella-herrarte/robotica-servicios-2025-iherrl00-reorganizado/P1/ros2_ws/install/py_pubsub/share/py_pubsub/package.bash'
[3.380s] INFO:colcon.colcon_core.shell:Creating package script '/home/isabella-herrarte/robotica-servicios-2025-iherrl00-reorganizado/P1/ros2_ws/install/py_pubsub/share/py_pubsub/package.zsh'
[3.381s] Level 1:colcon.colcon_core.environment:create_file_with_runtime_dependencies(/home/isabella-herrarte/robotica-servicios-2025-iherrl00-reorganizado/P1/ros2_ws/install/py_pubsub/share/colcon-core/packages/py_pubsub)
[5.130s] DEBUG:colcon.colcon_core.event_handler.log_command:Invoked command in '/home/isabella-herrarte/robotica-servicios-2025-iherrl00-reorganizado/P1/ros2_ws/build/usb_cam' returned '0': CMAKE_PREFIX_PATH=${CMAKE_PREFIX_PATH}:/opt/ros/jazzy DEBUGINFOD_URLS=https://debuginfod.ubuntu.com /usr/bin/cmake /home/isabella-herrarte/robotica-servicios-2025-iherrl00-reorganizado/P1/ros2_ws/src/usb_cam -DCMAKE_INSTALL_PREFIX=/home/isabella-herrarte/robotica-servicios-2025-iherrl00-reorganizado/P1/ros2_ws/install/usb_cam
[5.132s] DEBUG:colcon.colcon_core.event_handler.log_command:Invoking command in '/home/isabella-herrarte/robotica-servicios-2025-iherrl00-reorganizado/P1/ros2_ws/build/usb_cam': CMAKE_PREFIX_PATH=${CMAKE_PREFIX_PATH}:/opt/ros/jazzy DEBUGINFOD_URLS=https://debuginfod.ubuntu.com /usr/bin/cmake --build /home/isabella-herrarte/robotica-servicios-2025-iherrl00-reorganizado/P1/ros2_ws/build/usb_cam -- -j12 -l12
[14.214s] DEBUG:colcon.colcon_core.event_handler.log_command:Invoked command in '/home/isabella-herrarte/robotica-servicios-2025-iherrl00-reorganizado/P1/ros2_ws/build/cpp_pubsub' returned '0': CMAKE_PREFIX_PATH=${CMAKE_PREFIX_PATH}:/opt/ros/jazzy DEBUGINFOD_URLS=https://debuginfod.ubuntu.com /usr/bin/cmake --build /home/isabella-herrarte/robotica-servicios-2025-iherrl00-reorganizado/P1/ros2_ws/build/cpp_pubsub -- -j12 -l12
[14.229s] DEBUG:colcon.colcon_core.event_handler.log_command:Invoking command in '/home/isabella-herrarte/robotica-servicios-2025-iherrl00-reorganizado/P1/ros2_ws/build/cpp_pubsub': CMAKE_PREFIX_PATH=${CMAKE_PREFIX_PATH}:/opt/ros/jazzy DEBUGINFOD_URLS=https://debuginfod.ubuntu.com /usr/bin/cmake --install /home/isabella-herrarte/robotica-servicios-2025-iherrl00-reorganizado/P1/ros2_ws/build/cpp_pubsub
[14.250s] Level 1:colcon.colcon_core.environment:create_environment_scripts_only(cpp_pubsub)
[14.250s] Level 1:colcon.colcon_core.environment:checking '/home/isabella-herrarte/robotica-servicios-2025-iherrl00-reorganizado/P1/ros2_ws/install/cpp_pubsub' for CMake module files
[14.251s] DEBUG:colcon.colcon_core.event_handler.log_command:Invoked command in '/home/isabella-herrarte/robotica-servicios-2025-iherrl00-reorganizado/P1/ros2_ws/build/cpp_pubsub' returned '0': CMAKE_PREFIX_PATH=${CMAKE_PREFIX_PATH}:/opt/ros/jazzy DEBUGINFOD_URLS=https://debuginfod.ubuntu.com /usr/bin/cmake --install /home/isabella-herrarte/robotica-servicios-2025-iherrl00-reorganizado/P1/ros2_ws/build/cpp_pubsub
[14.251s] Level 1:colcon.colcon_core.environment:checking '/home/isabella-herrarte/robotica-servicios-2025-iherrl00-reorganizado/P1/ros2_ws/install/cpp_pubsub' for CMake config files
[14.252s] Level 1:colcon.colcon_core.shell:create_environment_hook('cpp_pubsub', 'cmake_prefix_path')
[14.252s] INFO:colcon.colcon_core.shell:Creating environment hook '/home/isabella-herrarte/robotica-servicios-2025-iherrl00-reorganizado/P1/ros2_ws/install/cpp_pubsub/share/cpp_pubsub/hook/cmake_prefix_path.ps1'
[14.252s] INFO:colcon.colcon_core.shell:Creating environment descriptor '/home/isabella-herrarte/robotica-servicios-2025-iherrl00-reorganizado/P1/ros2_ws/install/cpp_pubsub/share/cpp_pubsub/hook/cmake_prefix_path.dsv'
[14.252s] INFO:colcon.colcon_core.shell:Creating environment hook '/home/isabella-herrarte/robotica-servicios-2025-iherrl00-reorganizado/P1/ros2_ws/install/cpp_pubsub/share/cpp_pubsub/hook/cmake_prefix_path.sh'
[14.253s] Level 1:colcon.colcon_core.environment:checking '/home/isabella-herrarte/robotica-servicios-2025-iherrl00-reorganizado/P1/ros2_ws/install/cpp_pubsub/lib'
[14.253s] Level 1:colcon.colcon_core.environment:checking '/home/isabella-herrarte/robotica-servicios-2025-iherrl00-reorganizado/P1/ros2_ws/install/cpp_pubsub/bin'
[14.253s] Level 1:colcon.colcon_core.environment:checking '/home/isabella-herrarte/robotica-servicios-2025-iherrl00-reorganizado/P1/ros2_ws/install/cpp_pubsub/lib/pkgconfig/cpp_pubsub.pc'
[14.253s] Level 1:colcon.colcon_core.environment:checking '/home/isabella-herrarte/robotica-servicios-2025-iherrl00-reorganizado/P1/ros2_ws/install/cpp_pubsub/lib/python3.12/site-packages'
[14.253s] Level 1:colcon.colcon_core.environment:checking '/home/isabella-herrarte/robotica-servicios-2025-iherrl00-reorganizado/P1/ros2_ws/install/cpp_pubsub/bin'
[14.254s] INFO:colcon.colcon_core.shell:Creating package script '/home/isabella-herrarte/robotica-servicios-2025-iherrl00-reorganizado/P1/ros2_ws/install/cpp_pubsub/share/cpp_pubsub/package.ps1'
[14.254s] INFO:colcon.colcon_core.shell:Creating package descriptor '/home/isabella-herrarte/robotica-servicios-2025-iherrl00-reorganizado/P1/ros2_ws/install/cpp_pubsub/share/cpp_pubsub/package.dsv'
[14.254s] INFO:colcon.colcon_core.shell:Creating package script '/home/isabella-herrarte/robotica-servicios-2025-iherrl00-reorganizado/P1/ros2_ws/install/cpp_pubsub/share/cpp_pubsub/package.sh'
[14.255s] INFO:colcon.colcon_core.shell:Creating package script '/home/isabella-herrarte/robotica-servicios-2025-iherrl00-reorganizado/P1/ros2_ws/install/cpp_pubsub/share/cpp_pubsub/package.bash'
[14.255s] INFO:colcon.colcon_core.shell:Creating package script '/home/isabella-herrarte/robotica-servicios-2025-iherrl00-reorganizado/P1/ros2_ws/install/cpp_pubsub/share/cpp_pubsub/package.zsh'
[14.255s] Level 1:colcon.colcon_core.environment:create_file_with_runtime_dependencies(/home/isabella-herrarte/robotica-servicios-2025-iherrl00-reorganizado/P1/ros2_ws/install/cpp_pubsub/share/colcon-core/packages/cpp_pubsub)
[14.255s] Level 1:colcon.colcon_core.environment:create_environment_scripts_only(cpp_pubsub)
[14.256s] Level 1:colcon.colcon_core.environment:checking '/home/isabella-herrarte/robotica-servicios-2025-iherrl00-reorganizado/P1/ros2_ws/install/cpp_pubsub' for CMake module files
[14.256s] Level 1:colcon.colcon_core.environment:checking '/home/isabella-herrarte/robotica-servicios-2025-iherrl00-reorganizado/P1/ros2_ws/install/cpp_pubsub' for CMake config files
[14.256s] Level 1:colcon.colcon_core.shell:create_environment_hook('cpp_pubsub', 'cmake_prefix_path')
[14.256s] INFO:colcon.colcon_core.shell:Creating environment hook '/home/isabella-herrarte/robotica-servicios-2025-iherrl00-reorganizado/P1/ros2_ws/install/cpp_pubsub/share/cpp_pubsub/hook/cmake_prefix_path.ps1'
[14.257s] INFO:colcon.colcon_core.shell:Creating environment descriptor '/home/isabella-herrarte/robotica-servicios-2025-iherrl00-reorganizado/P1/ros2_ws/install/cpp_pubsub/share/cpp_pubsub/hook/cmake_prefix_path.dsv'
[14.257s] INFO:colcon.colcon_core.shell:Creating environment hook '/home/isabella-herrarte/robotica-servicios-2025-iherrl00-reorganizado/P1/ros2_ws/install/cpp_pubsub/share/cpp_pubsub/hook/cmake_prefix_path.sh'
[14.257s] Level 1:colcon.colcon_core.environment:checking '/home/isabella-herrarte/robotica-servicios-2025-iherrl00-reorganizado/P1/ros2_ws/install/cpp_pubsub/lib'
[14.258s] Level 1:colcon.colcon_core.environment:checking '/home/isabella-herrarte/robotica-servicios-2025-iherrl00-reorganizado/P1/ros2_ws/install/cpp_pubsub/bin'
[14.258s] Level 1:colcon.colcon_core.environment:checking '/home/isabella-herrarte/robotica-servicios-2025-iherrl00-reorganizado/P1/ros2_ws/install/cpp_pubsub/lib/pkgconfig/cpp_pubsub.pc'
[14.258s] Level 1:colcon.colcon_core.environment:checking '/home/isabella-herrarte/robotica-servicios-2025-iherrl00-reorganizado/P1/ros2_ws/install/cpp_pubsub/lib/python3.12/site-packages'
[14.258s] Level 1:colcon.colcon_core.environment:checking '/home/isabella-herrarte/robotica-servicios-2025-iherrl00-reorganizado/P1/ros2_ws/install/cpp_pubsub/bin'
[14.258s] INFO:colcon.colcon_core.shell:Creating package script '/home/isabella-herrarte/robotica-servicios-2025-iherrl00-reorganizado/P1/ros2_ws/install/cpp_pubsub/share/cpp_pubsub/package.ps1'
[14.259s] INFO:colcon.colcon_core.shell:Creating package descriptor '/home/isabella-herrarte/robotica-servicios-2025-iherrl00-reorganizado/P1/ros2_ws/install/cpp_pubsub/share/cpp_pubsub/package.dsv'
[14.259s] INFO:colcon.colcon_core.shell:Creating package script '/home/isabella-herrarte/robotica-servicios-2025-iherrl00-reorganizado/P1/ros2_ws/install/cpp_pubsub/share/cpp_pubsub/package.sh'
[14.259s] INFO:colcon.colcon_core.shell:Creating package script '/home/isabella-herrarte/robotica-servicios-2025-iherrl00-reorganizado/P1/ros2_ws/install/cpp_pubsub/share/cpp_pubsub/package.bash'
[14.260s] INFO:colcon.colcon_core.shell:Creating package script '/home/isabella-herrarte/robotica-servicios-2025-iherrl00-reorganizado/P1/ros2_ws/install/cpp_pubsub/share/cpp_pubsub/package.zsh'
[14.260s] Level 1:colcon.colcon_core.environment:create_file_with_runtime_dependencies(/home/isabella-herrarte/robotica-servicios-2025-iherrl00-reorganizado/P1/ros2_ws/install/cpp_pubsub/share/colcon-core/packages/cpp_pubsub)
[17.933s] DEBUG:colcon.colcon_core.event_handler.log_command:Invoked command in '/home/isabella-herrarte/robotica-servicios-2025-iherrl00-reorganizado/P1/ros2_ws/build/usb_cam' returned '0': CMAKE_PREFIX_PATH=${CMAKE_PREFIX_PATH}:/opt/ros/jazzy DEBUGINFOD_URLS=https://debuginfod.ubuntu.com /usr/bin/cmake --build /home/isabella-herrarte/robotica-servicios-2025-iherrl00-reorganizado/P1/ros2_ws/build/usb_cam -- -j12 -l12
[17.934s] DEBUG:colcon.colcon_core.event_handler.log_command:Invoking command in '/home/isabella-herrarte/robotica-servicios-2025-iherrl00-reorganizado/P1/ros2_ws/build/usb_cam': CMAKE_PREFIX_PATH=${CMAKE_PREFIX_PATH}:/opt/ros/jazzy DEBUGINFOD_URLS=https://debuginfod.ubuntu.com /usr/bin/cmake --install /home/isabella-herrarte/robotica-servicios-2025-iherrl00-reorganizado/P1/ros2_ws/build/usb_cam
[17.959s] Level 1:colcon.colcon_core.environment:create_environment_scripts_only(usb_cam)
[17.959s] Level 1:colcon.colcon_core.environment:checking '/home/isabella-herrarte/robotica-servicios-2025-iherrl00-reorganizado/P1/ros2_ws/install/usb_cam' for CMake module files
[17.960s] DEBUG:colcon.colcon_core.event_handler.log_command:Invoked command in '/home/isabella-herrarte/robotica-servicios-2025-iherrl00-reorganizado/P1/ros2_ws/build/usb_cam' returned '0': CMAKE_PREFIX_PATH=${CMAKE_PREFIX_PATH}:/opt/ros/jazzy DEBUGINFOD_URLS=https://debuginfod.ubuntu.com /usr/bin/cmake --install /home/isabella-herrarte/robotica-servicios-2025-iherrl00-reorganizado/P1/ros2_ws/build/usb_cam
[17.961s] Level 1:colcon.colcon_core.environment:checking '/home/isabella-herrarte/robotica-servicios-2025-iherrl00-reorganizado/P1/ros2_ws/install/usb_cam' for CMake config files
[17.961s] Level 1:colcon.colcon_core.shell:create_environment_hook('usb_cam', 'cmake_prefix_path')
[17.961s] INFO:colcon.colcon_core.shell:Creating environment hook '/home/isabella-herrarte/robotica-servicios-2025-iherrl00-reorganizado/P1/ros2_ws/install/usb_cam/share/usb_cam/hook/cmake_prefix_path.ps1'
[17.962s] INFO:colcon.colcon_core.shell:Creating environment descriptor '/home/isabella-herrarte/robotica-servicios-2025-iherrl00-reorganizado/P1/ros2_ws/install/usb_cam/share/usb_cam/hook/cmake_prefix_path.dsv'
[17.962s] INFO:colcon.colcon_core.shell:Creating environment hook '/home/isabella-herrarte/robotica-servicios-2025-iherrl00-reorganizado/P1/ros2_ws/install/usb_cam/share/usb_cam/hook/cmake_prefix_path.sh'
[17.962s] Level 1:colcon.colcon_core.environment:checking '/home/isabella-herrarte/robotica-servicios-2025-iherrl00-reorganizado/P1/ros2_ws/install/usb_cam/lib'
[17.962s] Level 1:colcon.colcon_core.shell:create_environment_hook('usb_cam', 'ld_library_path_lib')
[17.963s] INFO:colcon.colcon_core.shell:Creating environment hook '/home/isabella-herrarte/robotica-servicios-2025-iherrl00-reorganizado/P1/ros2_ws/install/usb_cam/share/usb_cam/hook/ld_library_path_lib.ps1'
[17.963s] INFO:colcon.colcon_core.shell:Creating environment descriptor '/home/isabella-herrarte/robotica-servicios-2025-iherrl00-reorganizado/P1/ros2_ws/install/usb_cam/share/usb_cam/hook/ld_library_path_lib.dsv'
[17.963s] INFO:colcon.colcon_core.shell:Creating environment hook '/home/isabella-herrarte/robotica-servicios-2025-iherrl00-reorganizado/P1/ros2_ws/install/usb_cam/share/usb_cam/hook/ld_library_path_lib.sh'
[17.963s] Level 1:colcon.colcon_core.environment:checking '/home/isabella-herrarte/robotica-servicios-2025-iherrl00-reorganizado/P1/ros2_ws/install/usb_cam/bin'
[17.963s] Level 1:colcon.colcon_core.environment:checking '/home/isabella-herrarte/robotica-servicios-2025-iherrl00-reorganizado/P1/ros2_ws/install/usb_cam/lib/pkgconfig/usb_cam.pc'
[17.964s] Level 1:colcon.colcon_core.environment:checking '/home/isabella-herrarte/robotica-servicios-2025-iherrl00-reorganizado/P1/ros2_ws/install/usb_cam/lib/python3.12/site-packages'
[17.964s] Level 1:colcon.colcon_core.environment:checking '/home/isabella-herrarte/robotica-servicios-2025-iherrl00-reorganizado/P1/ros2_ws/install/usb_cam/bin'
[17.964s] INFO:colcon.colcon_core.shell:Creating package script '/home/isabella-herrarte/robotica-servicios-2025-iherrl00-reorganizado/P1/ros2_ws/install/usb_cam/share/usb_cam/package.ps1'
[17.964s] INFO:colcon.colcon_core.shell:Creating package descriptor '/home/isabella-herrarte/robotica-servicios-2025-iherrl00-reorganizado/P1/ros2_ws/install/usb_cam/share/usb_cam/package.dsv'
[17.965s] INFO:colcon.colcon_core.shell:Creating package script '/home/isabella-herrarte/robotica-servicios-2025-iherrl00-reorganizado/P1/ros2_ws/install/usb_cam/share/usb_cam/package.sh'
[17.965s] INFO:colcon.colcon_core.shell:Creating package script '/home/isabella-herrarte/robotica-servicios-2025-iherrl00-reorganizado/P1/ros2_ws/install/usb_cam/share/usb_cam/package.bash'
[17.965s] INFO:colcon.colcon_core.shell:Creating package script '/home/isabella-herrarte/robotica-servicios-2025-iherrl00-reorganizado/P1/ros2_ws/install/usb_cam/share/usb_cam/package.zsh'
[17.965s] Level 1:colcon.colcon_core.environment:create_file_with_runtime_dependencies(/home/isabella-herrarte/robotica-servicios-2025-iherrl00-reorganizado/P1/ros2_ws/install/usb_cam/share/colcon-core/packages/usb_cam)
[17.966s] Level 1:colcon.colcon_core.environment:create_environment_scripts_only(usb_cam)
[17.966s] Level 1:colcon.colcon_core.environment:checking '/home/isabella-herrarte/robotica-servicios-2025-iherrl00-reorganizado/P1/ros2_ws/install/usb_cam' for CMake module files
[17.967s] Level 1:colcon.colcon_core.environment:checking '/home/isabella-herrarte/robotica-servicios-2025-iherrl00-reorganizado/P1/ros2_ws/install/usb_cam' for CMake config files
[17.967s] Level 1:colcon.colcon_core.shell:create_environment_hook('usb_cam', 'cmake_prefix_path')
[17.967s] INFO:colcon.colcon_core.shell:Creating environment hook '/home/isabella-herrarte/robotica-servicios-2025-iherrl00-reorganizado/P1/ros2_ws/install/usb_cam/share/usb_cam/hook/cmake_prefix_path.ps1'
[17.967s] INFO:colcon.colcon_core.shell:Creating environment descriptor '/home/isabella-herrarte/robotica-servicios-2025-iherrl00-reorganizado/P1/ros2_ws/install/usb_cam/share/usb_cam/hook/cmake_prefix_path.dsv'
[17.968s] INFO:colcon.colcon_core.shell:Creating environment hook '/home/isabella-herrarte/robotica-servicios-2025-iherrl00-reorganizado/P1/ros2_ws/install/usb_cam/share/usb_cam/hook/cmake_prefix_path.sh'
[17.968s] Level 1:colcon.colcon_core.environment:checking '/home/isabella-herrarte/robotica-servicios-2025-iherrl00-reorganizado/P1/ros2_ws/install/usb_cam/lib'
[17.968s] Level 1:colcon.colcon_core.shell:create_environment_hook('usb_cam', 'ld_library_path_lib')
[17.968s] INFO:colcon.colcon_core.shell:Creating environment hook '/home/isabella-herrarte/robotica-servicios-2025-iherrl00-reorganizado/P1/ros2_ws/install/usb_cam/share/usb_cam/hook/ld_library_path_lib.ps1'
[17.969s] INFO:colcon.colcon_core.shell:Creating environment descriptor '/home/isabella-herrarte/robotica-servicios-2025-iherrl00-reorganizado/P1/ros2_ws/install/usb_cam/share/usb_cam/hook/ld_library_path_lib.dsv'
[17.969s] INFO:colcon.colcon_core.shell:Creating environment hook '/home/isabella-herrarte/robotica-servicios-2025-iherrl00-reorganizado/P1/ros2_ws/install/usb_cam/share/usb_cam/hook/ld_library_path_lib.sh'
[17.969s] Level 1:colcon.colcon_core.environment:checking '/home/isabella-herrarte/robotica-servicios-2025-iherrl00-reorganizado/P1/ros2_ws/install/usb_cam/bin'
[17.969s] Level 1:colcon.colcon_core.environment:checking '/home/isabella-herrarte/robotica-servicios-2025-iherrl00-reorganizado/P1/ros2_ws/install/usb_cam/lib/pkgconfig/usb_cam.pc'
[17.969s] Level 1:colcon.colcon_core.environment:checking '/home/isabella-herrarte/robotica-servicios-2025-iherrl00-reorganizado/P1/ros2_ws/install/usb_cam/lib/python3.12/site-packages'
[17.970s] Level 1:colcon.colcon_core.environment:checking '/home/isabella-herrarte/robotica-servicios-2025-iherrl00-reorganizado/P1/ros2_ws/install/usb_cam/bin'
[17.970s] INFO:colcon.colcon_core.shell:Creating package script '/home/isabella-herrarte/robotica-servicios-2025-iherrl00-reorganizado/P1/ros2_ws/install/usb_cam/share/usb_cam/package.ps1'
[17.970s] INFO:colcon.colcon_core.shell:Creating package descriptor '/home/isabella-herrarte/robotica-servicios-2025-iherrl00-reorganizado/P1/ros2_ws/install/usb_cam/share/usb_cam/package.dsv'
[17.971s] INFO:colcon.colcon_core.shell:Creating package script '/home/isabella-herrarte/robotica-servicios-2025-iherrl00-reorganizado/P1/ros2_ws/install/usb_cam/share/usb_cam/package.sh'
[17.971s] INFO:colcon.colcon_core.shell:Creating package script '/home/isabella-herrarte/robotica-servicios-2025-iherrl00-reorganizado/P1/ros2_ws/install/usb_cam/share/usb_cam/package.bash'
[17.971s] INFO:colcon.colcon_core.shell:Creating package script '/home/isabella-herrarte/robotica-servicios-2025-iherrl00-reorganizado/P1/ros2_ws/install/usb_cam/share/usb_cam/package.zsh'
[17.972s] Level 1:colcon.colcon_core.environment:create_file_with_runtime_dependencies(/home/isabella-herrarte/robotica-servicios-2025-iherrl00-reorganizado/P1/ros2_ws/install/usb_cam/share/colcon-core/packages/usb_cam)
[17.972s] DEBUG:colcon.colcon_parallel_executor.executor.parallel:closing loop
[17.972s] DEBUG:colcon.colcon_parallel_executor.executor.parallel:loop closed
[17.972s] DEBUG:colcon.colcon_parallel_executor.executor.parallel:run_until_complete finished with '0'
[17.972s] DEBUG:colcon.colcon_core.event_reactor:joining thread
[17.992s] INFO:colcon.colcon_core.plugin_system:Skipping extension 'colcon_notification.desktop_notification.terminal_notifier': Not used on non-Darwin systems
[17.992s] INFO:colcon.colcon_core.plugin_system:Skipping extension 'colcon_notification.desktop_notification.win32': Not used on non-Windows systems
[17.992s] INFO:colcon.colcon_notification.desktop_notification:Sending desktop notification using 'notify2'
[18.007s] DEBUG:colcon.colcon_core.event_reactor:joined thread
[18.008s] INFO:colcon.colcon_core.shell:Creating prefix script '/home/isabella-herrarte/robotica-servicios-2025-iherrl00-reorganizado/P1/ros2_ws/install/local_setup.ps1'
[18.009s] INFO:colcon.colcon_core.shell:Creating prefix util module '/home/isabella-herrarte/robotica-servicios-2025-iherrl00-reorganizado/P1/ros2_ws/install/_local_setup_util_ps1.py'
[18.010s] INFO:colcon.colcon_core.shell:Creating prefix chain script '/home/isabella-herrarte/robotica-servicios-2025-iherrl00-reorganizado/P1/ros2_ws/install/setup.ps1'
[18.011s] INFO:colcon.colcon_core.shell:Creating prefix script '/home/isabella-herrarte/robotica-servicios-2025-iherrl00-reorganizado/P1/ros2_ws/install/local_setup.sh'
[18.011s] INFO:colcon.colcon_core.shell:Creating prefix util module '/home/isabella-herrarte/robotica-servicios-2025-iherrl00-reorganizado/P1/ros2_ws/install/_local_setup_util_sh.py'
[18.012s] INFO:colcon.colcon_core.shell:Creating prefix chain script '/home/isabella-herrarte/robotica-servicios-2025-iherrl00-reorganizado/P1/ros2_ws/install/setup.sh'
[18.013s] INFO:colcon.colcon_core.shell:Creating prefix script '/home/isabella-herrarte/robotica-servicios-2025-iherrl00-reorganizado/P1/ros2_ws/install/local_setup.bash'
[18.013s] INFO:colcon.colcon_core.shell:Creating prefix chain script '/home/isabella-herrarte/robotica-servicios-2025-iherrl00-reorganizado/P1/ros2_ws/install/setup.bash'
[18.014s] INFO:colcon.colcon_core.shell:Creating prefix script '/home/isabella-herrarte/robotica-servicios-2025-iherrl00-reorganizado/P1/ros2_ws/install/local_setup.zsh'
[18.015s] INFO:colcon.colcon_core.shell:Creating prefix chain script '/home/isabella-herrarte/robotica-servicios-2025-iherrl00-reorganizado/P1/ros2_ws/install/setup.zsh'
