[0.012s] Invoking command in '/home/user/ros2_ws/build/bt_robot': CMAKE_PREFIX_PATH=${CMAKE_PREFIX_PATH}:/opt/ros/humble /usr/bin/cmake --build /home/user/ros2_ws/build/bt_robot -- -j12 -l12
[0.066s] [35m[1mConsolidate compiler generated dependencies of target bt_robot_node[0m
[0.087s] [ 50%] [32mBuilding CXX object CMakeFiles/bt_robot_node.dir/src/bt_robot_node.cpp.o[0m
[3.187s] [100%] [32m[1mLinking CXX executable bt_robot_node[0m
[3.352s] [100%] Built target bt_robot_node
[3.367s] Invoked command in '/home/user/ros2_ws/build/bt_robot' returned '0': CMAKE_PREFIX_PATH=${CMAKE_PREFIX_PATH}:/opt/ros/humble /usr/bin/cmake --build /home/user/ros2_ws/build/bt_robot -- -j12 -l12
[3.381s] Invoking command in '/home/user/ros2_ws/build/bt_robot': CMAKE_PREFIX_PATH=${CMAKE_PREFIX_PATH}:/opt/ros/humble /usr/bin/cmake --install /home/user/ros2_ws/build/bt_robot
[3.389s] -- Install configuration: ""
[3.389s] -- Installing: /home/user/ros2_ws/install/bt_robot/lib/bt_robot/bt_robot_node
[3.390s] -- Set runtime path of "/home/user/ros2_ws/install/bt_robot/lib/bt_robot/bt_robot_node" to ""
[3.390s] -- Up-to-date: /home/user/ros2_ws/install/bt_robot/share/bt_robot/trees
[3.390s] -- Up-to-date: /home/user/ros2_ws/install/bt_robot/share/bt_robot/trees/obstacle_tree.xml
[3.390s] -- Installing: /home/user/ros2_ws/install/bt_robot/share/bt_robot/trees/service_robot_tree.xml
[3.390s] -- Installing: /home/user/ros2_ws/install/bt_robot/share/bt_robot/trees/obstacle_tree_groot.xml
[3.390s] -- Up-to-date: /home/user/ros2_ws/install/bt_robot/share/ament_index/resource_index/package_run_dependencies/bt_robot
[3.390s] -- Up-to-date: /home/user/ros2_ws/install/bt_robot/share/ament_index/resource_index/parent_prefix_path/bt_robot
[3.390s] -- Up-to-date: /home/user/ros2_ws/install/bt_robot/share/bt_robot/environment/ament_prefix_path.sh
[3.390s] -- Up-to-date: /home/user/ros2_ws/install/bt_robot/share/bt_robot/environment/ament_prefix_path.dsv
[3.390s] -- Up-to-date: /home/user/ros2_ws/install/bt_robot/share/bt_robot/environment/path.sh
[3.390s] -- Up-to-date: /home/user/ros2_ws/install/bt_robot/share/bt_robot/environment/path.dsv
[3.390s] -- Up-to-date: /home/user/ros2_ws/install/bt_robot/share/bt_robot/local_setup.bash
[3.391s] -- Up-to-date: /home/user/ros2_ws/install/bt_robot/share/bt_robot/local_setup.sh
[3.391s] -- Up-to-date: /home/user/ros2_ws/install/bt_robot/share/bt_robot/local_setup.zsh
[3.391s] -- Up-to-date: /home/user/ros2_ws/install/bt_robot/share/bt_robot/local_setup.dsv
[3.391s] -- Installing: /home/user/ros2_ws/install/bt_robot/share/bt_robot/package.dsv
[3.391s] -- Up-to-date: /home/user/ros2_ws/install/bt_robot/share/ament_index/resource_index/packages/bt_robot
[3.391s] -- Up-to-date: /home/user/ros2_ws/install/bt_robot/share/bt_robot/cmake/bt_robotConfig.cmake
[3.391s] -- Up-to-date: /home/user/ros2_ws/install/bt_robot/share/bt_robot/cmake/bt_robotConfig-version.cmake
[3.391s] -- Up-to-date: /home/user/ros2_ws/install/bt_robot/share/bt_robot/package.xml
[3.394s] Invoked command in '/home/user/ros2_ws/build/bt_robot' returned '0': CMAKE_PREFIX_PATH=${CMAKE_PREFIX_PATH}:/opt/ros/humble /usr/bin/cmake --install /home/user/ros2_ws/build/bt_robot
