[0.000000] (-) TimerEvent: {}
[0.001174] (human_tf_camera_example) JobQueued: {'identifier': 'human_tf_camera_example', 'dependencies': OrderedDict()}
[0.001253] (human_tf_camera_example) JobStarted: {'identifier': 'human_tf_camera_example'}
[0.099519] (-) TimerEvent: {}
[0.199912] (-) TimerEvent: {}
[0.300348] (-) TimerEvent: {}
[0.400787] (-) TimerEvent: {}
[0.501319] (-) TimerEvent: {}
[0.601909] (-) TimerEvent: {}
[0.702387] (-) TimerEvent: {}
[0.802854] (-) TimerEvent: {}
[0.903367] (-) TimerEvent: {}
[1.003841] (-) TimerEvent: {}
[1.104312] (-) TimerEvent: {}
[1.204771] (-) TimerEvent: {}
[1.305252] (-) TimerEvent: {}
[1.405889] (-) TimerEvent: {}
[1.506293] (-) TimerEvent: {}
[1.606687] (-) TimerEvent: {}
[1.707075] (-) TimerEvent: {}
[1.750710] (human_tf_camera_example) Command: {'cmd': ['/usr/bin/python3', '-W', 'ignore:setup.py install is deprecated', '-W', 'ignore:easy_install command is deprecated', 'setup.py', 'egg_info', '--egg-base', '../../build/human_tf_camera_example', 'build', '--build-base', '/home/isabella-herrarte/robotica-servicios-2025-iherrl00-reorganizado/P7/ros2_ws/build/human_tf_camera_example/build', 'install', '--record', '/home/isabella-herrarte/robotica-servicios-2025-iherrl00-reorganizado/P7/ros2_ws/build/human_tf_camera_example/install.log', '--single-version-externally-managed', 'install_data'], 'cwd': '/home/isabella-herrarte/robotica-servicios-2025-iherrl00-reorganizado/P7/ros2_ws/src/human_tf_camera_example', 'env': {'GZ_SIM_RESOURCE_PATH': '/opt/ros/jazzy/share', 'USER': 'isabella-herrarte', 'GZ_CONFIG_PATH': '/opt/ros/jazzy/opt/gz_sim_vendor/share/gz:/opt/ros/jazzy/opt/sdformat_vendor/share/gz:/opt/ros/jazzy/opt/gz_gui_vendor/share/gz:/opt/ros/jazzy/opt/gz_transport_vendor/share/gz:/opt/ros/jazzy/opt/gz_rendering_vendor/share/gz:/opt/ros/jazzy/opt/gz_plugin_vendor/share/gz:/opt/ros/jazzy/opt/gz_fuel_tools_vendor/share/gz:/opt/ros/jazzy/opt/gz_msgs_vendor/share/gz:/opt/ros/jazzy/opt/gz_common_vendor/share/gz', 'XDG_SESSION_TYPE': 'x11', 'CLUTTER_DISABLE_MIPMAPPED_TEXT': '1', 'SHLVL': '1', 'LD_LIBRARY_PATH': '/opt/ros/jazzy/opt/zenoh_cpp_vendor/lib:/opt/ros/jazzy/opt/gz_sim_vendor/lib:/opt/ros/jazzy/opt/gz_sensors_vendor/lib:/opt/ros/jazzy/opt/gz_physics_vendor/lib:/opt/ros/jazzy/opt/sdformat_vendor/lib:/opt/ros/jazzy/opt/rviz_ogre_vendor/lib:/opt/ros/jazzy/lib/x86_64-linux-gnu:/opt/ros/jazzy/opt/gz_gui_vendor/lib:/opt/ros/jazzy/opt/gz_transport_vendor/lib:/opt/ros/jazzy/opt/gz_rendering_vendor/lib:/opt/ros/jazzy/opt/gz_plugin_vendor/lib:/opt/ros/jazzy/opt/gz_fuel_tools_vendor/lib:/opt/ros/jazzy/opt/gz_msgs_vendor/lib:/opt/ros/jazzy/opt/gz_common_vendor/lib:/opt/ros/jazzy/opt/gz_math_vendor/lib:/opt/ros/jazzy/opt/gz_utils_vendor/lib:/opt/ros/jazzy/opt/gz_tools_vendor/lib:/opt/ros/jazzy/opt/gz_ogre_next_vendor/lib:/opt/ros/jazzy/opt/gz_dartsim_vendor/lib:/opt/ros/jazzy/opt/gz_cmake_vendor/lib:/opt/ros/jazzy/lib', 'HOME': '/home/isabella-herrarte', 'OLDPWD': '/home/isabella-herrarte/robotica-servicios-2025-iherrl00-reorganizado/P7', 'DESKTOP_SESSION': 'ubuntu', 'ROS_PYTHON_VERSION': '3', 'GNOME_SHELL_SESSION_MODE': 'ubuntu', 'GTK_MODULES': 'gail:atk-bridge', 'SYSTEMD_EXEC_PID': '2866', 'GSM_SKIP_SSH_AGENT_WORKAROUND': 'true', 'DBUS_SESSION_BUS_ADDRESS': 'unix:path=/run/user/1000/bus', 'COLORTERM': 'truecolor', 'DEBUGINFOD_URLS': 'https://debuginfod.ubuntu.com', 'ROS_DISTRO': 'jazzy', 'LOGNAME': 'isabella-herrarte', '_': '/usr/bin/colcon', 'ROS_VERSION': '2', 'MEMORY_PRESSURE_WATCH': '/sys/fs/cgroup/user.slice/user-1000.slice/user@1000.service/session.slice/org.gnome.Shell@x11.service/memory.pressure', 'XDG_SESSION_CLASS': 'user', 'USERNAME': 'isabella-herrarte', 'TERM': 'xterm-256color', 'GNOME_DESKTOP_SESSION_ID': 'this-is-deprecated', 'WINDOWPATH': '2', 'PATH': '/opt/ros/jazzy/opt/gz_msgs_vendor/bin:/opt/ros/jazzy/opt/gz_tools_vendor/bin:/opt/ros/jazzy/opt/gz_ogre_next_vendor/bin:/opt/ros/jazzy/bin:/usr/local/sbin:/usr/local/bin:/usr/sbin:/usr/bin:/sbin:/bin:/usr/games:/usr/local/games:/snap/bin:/snap/bin', 'SESSION_MANAGER': 'local/isabella-herrarte-HP-Laptop-15-ef2xxx:@/tmp/.ICE-unix/2823,unix/isabella-herrarte-HP-Laptop-15-ef2xxx:/tmp/.ICE-unix/2823', 'XDG_MENU_PREFIX': 'gnome-', 'GNOME_TERMINAL_SCREEN': '/org/gnome/Terminal/screen/8ab2e2f4_2366_48c0_887b_6ed389b0c21a', 'XDG_RUNTIME_DIR': '/run/user/1000', 'DISPLAY': ':1', 'LANG': 'en_US.UTF-8', 'XDG_CURRENT_DESKTOP': 'ubuntu:GNOME', 'XMODIFIERS': '@im=ibus', 'XDG_SESSION_DESKTOP': 'ubuntu', 'XAUTHORITY': '/run/user/1000/gdm/Xauthority', 'GNOME_TERMINAL_SERVICE': ':1.116', 'SSH_AUTH_SOCK': '/run/user/1000/keyring/ssh', 'AMENT_PREFIX_PATH': '/opt/ros/jazzy', 'SHELL': '/bin/bash', 'QT_ACCESSIBILITY': '1', 'GDMSESSION': 'ubuntu', 'GPG_AGENT_INFO': '/run/user/1000/gnupg/S.gpg-agent:0:1', 'ROS_AUTOMATIC_DISCOVERY_RANGE': 'SUBNET', 'QT_IM_MODULE': 'ibus', 'PWD': '/home/isabella-herrarte/robotica-servicios-2025-iherrl00-reorganizado/P7/ros2_ws/build/human_tf_camera_example', 'TURTLEBOT3_MODEL': 'waffle', 'LC_ALL': 'en_US.UTF-8', 'XDG_CONFIG_DIRS': '/etc/xdg/xdg-ubuntu:/etc/xdg', 'XDG_DATA_DIRS': '/usr/share/ubuntu:/usr/share/gnome:/usr/local/share/:/usr/share/:/var/lib/snapd/desktop', 'PYTHONPATH': '/home/isabella-herrarte/robotica-servicios-2025-iherrl00-reorganizado/P7/ros2_ws/build/human_tf_camera_example/prefix_override:/usr/lib/python3/dist-packages/colcon_core/task/python/colcon_distutils_commands:/home/isabella-herrarte/robotica-servicios-2025-iherrl00-reorganizado/P7/ros2_ws/install/human_tf_camera_example/lib/python3.12/site-packages:/opt/ros/jazzy/lib/python3.12/site-packages', 'COLCON': '1', 'MEMORY_PRESSURE_WRITE': 'c29tZSAyMDAwMDAgMjAwMDAwMAA=', 'VTE_VERSION': '7600', 'CMAKE_PREFIX_PATH': '/opt/ros/jazzy/opt/gz_sim_vendor:/opt/ros/jazzy/opt/gz_sensors_vendor:/opt/ros/jazzy/opt/gz_physics_vendor:/opt/ros/jazzy/opt/sdformat_vendor:/opt/ros/jazzy/opt/gz_gui_vendor:/opt/ros/jazzy/opt/gz_transport_vendor:/opt/ros/jazzy/opt/gz_rendering_vendor:/opt/ros/jazzy/opt/gz_plugin_vendor:/opt/ros/jazzy/opt/gz_fuel_tools_vendor:/opt/ros/jazzy/opt/gz_msgs_vendor:/opt/ros/jazzy/opt/gz_common_vendor:/opt/ros/jazzy/opt/gz_math_vendor:/opt/ros/jazzy/opt/gz_utils_vendor:/opt/ros/jazzy/opt/gz_tools_vendor:/opt/ros/jazzy/opt/gz_ogre_next_vendor:/opt/ros/jazzy/opt/gz_dartsim_vendor:/opt/ros/jazzy/opt/gz_cmake_vendor'}, 'shell': False}
[1.807224] (-) TimerEvent: {}
[1.907635] (-) TimerEvent: {}
[2.008004] (-) TimerEvent: {}
[2.108363] (-) TimerEvent: {}
[2.208750] (-) TimerEvent: {}
[2.251569] (human_tf_camera_example) StdoutLine: {'line': b'running egg_info\n'}
[2.252051] (human_tf_camera_example) StdoutLine: {'line': b'creating ../../build/human_tf_camera_example/human_tf_camera_example.egg-info\n'}
[2.290366] (human_tf_camera_example) StdoutLine: {'line': b'writing ../../build/human_tf_camera_example/human_tf_camera_example.egg-info/PKG-INFO\n'}
[2.290708] (human_tf_camera_example) StdoutLine: {'line': b'writing dependency_links to ../../build/human_tf_camera_example/human_tf_camera_example.egg-info/dependency_links.txt\n'}
[2.291018] (human_tf_camera_example) StdoutLine: {'line': b'writing entry points to ../../build/human_tf_camera_example/human_tf_camera_example.egg-info/entry_points.txt\n'}
[2.291218] (human_tf_camera_example) StdoutLine: {'line': b'writing requirements to ../../build/human_tf_camera_example/human_tf_camera_example.egg-info/requires.txt\n'}
[2.291515] (human_tf_camera_example) StdoutLine: {'line': b'writing top-level names to ../../build/human_tf_camera_example/human_tf_camera_example.egg-info/top_level.txt\n'}
[2.291753] (human_tf_camera_example) StdoutLine: {'line': b"writing manifest file '../../build/human_tf_camera_example/human_tf_camera_example.egg-info/SOURCES.txt'\n"}
[2.309098] (-) TimerEvent: {}
[2.370661] (human_tf_camera_example) StdoutLine: {'line': b"reading manifest file '../../build/human_tf_camera_example/human_tf_camera_example.egg-info/SOURCES.txt'\n"}
[2.371604] (human_tf_camera_example) StdoutLine: {'line': b"writing manifest file '../../build/human_tf_camera_example/human_tf_camera_example.egg-info/SOURCES.txt'\n"}
[2.371951] (human_tf_camera_example) StdoutLine: {'line': b'running build\n'}
[2.372151] (human_tf_camera_example) StdoutLine: {'line': b'running build_py\n'}
[2.372462] (human_tf_camera_example) StdoutLine: {'line': b'creating /home/isabella-herrarte/robotica-servicios-2025-iherrl00-reorganizado/P7/ros2_ws/build/human_tf_camera_example/build\n'}
[2.372590] (human_tf_camera_example) StdoutLine: {'line': b'creating /home/isabella-herrarte/robotica-servicios-2025-iherrl00-reorganizado/P7/ros2_ws/build/human_tf_camera_example/build/lib\n'}
[2.372705] (human_tf_camera_example) StdoutLine: {'line': b'creating /home/isabella-herrarte/robotica-servicios-2025-iherrl00-reorganizado/P7/ros2_ws/build/human_tf_camera_example/build/lib/human_tf_camera_example\n'}
[2.372825] (human_tf_camera_example) StdoutLine: {'line': b'copying human_tf_camera_example/human_position_estimator.py -> /home/isabella-herrarte/robotica-servicios-2025-iherrl00-reorganizado/P7/ros2_ws/build/human_tf_camera_example/build/lib/human_tf_camera_example\n'}
[2.373027] (human_tf_camera_example) StdoutLine: {'line': b'copying human_tf_camera_example/__init__.py -> /home/isabella-herrarte/robotica-servicios-2025-iherrl00-reorganizado/P7/ros2_ws/build/human_tf_camera_example/build/lib/human_tf_camera_example\n'}
[2.373156] (human_tf_camera_example) StdoutLine: {'line': b'copying human_tf_camera_example/static_broadcaster.py -> /home/isabella-herrarte/robotica-servicios-2025-iherrl00-reorganizado/P7/ros2_ws/build/human_tf_camera_example/build/lib/human_tf_camera_example\n'}
[2.373272] (human_tf_camera_example) StdoutLine: {'line': b'copying human_tf_camera_example/human_position_to_baselink.py -> /home/isabella-herrarte/robotica-servicios-2025-iherrl00-reorganizado/P7/ros2_ws/build/human_tf_camera_example/build/lib/human_tf_camera_example\n'}
[2.373427] (human_tf_camera_example) StdoutLine: {'line': b'running install\n'}
[2.384527] (human_tf_camera_example) StdoutLine: {'line': b'running install_lib\n'}
[2.409231] (-) TimerEvent: {}
[2.424389] (human_tf_camera_example) StdoutLine: {'line': b'creating /home/isabella-herrarte/robotica-servicios-2025-iherrl00-reorganizado/P7/ros2_ws/install/human_tf_camera_example/lib/python3.12/site-packages/human_tf_camera_example\n'}
[2.424783] (human_tf_camera_example) StdoutLine: {'line': b'copying /home/isabella-herrarte/robotica-servicios-2025-iherrl00-reorganizado/P7/ros2_ws/build/human_tf_camera_example/build/lib/human_tf_camera_example/human_position_estimator.py -> /home/isabella-herrarte/robotica-servicios-2025-iherrl00-reorganizado/P7/ros2_ws/install/human_tf_camera_example/lib/python3.12/site-packages/human_tf_camera_example\n'}
[2.425086] (human_tf_camera_example) StdoutLine: {'line': b'copying /home/isabella-herrarte/robotica-servicios-2025-iherrl00-reorganizado/P7/ros2_ws/build/human_tf_camera_example/build/lib/human_tf_camera_example/__init__.py -> /home/isabella-herrarte/robotica-servicios-2025-iherrl00-reorganizado/P7/ros2_ws/install/human_tf_camera_example/lib/python3.12/site-packages/human_tf_camera_example\n'}
[2.425328] (human_tf_camera_example) StdoutLine: {'line': b'copying /home/isabella-herrarte/robotica-servicios-2025-iherrl00-reorganizado/P7/ros2_ws/build/human_tf_camera_example/build/lib/human_tf_camera_example/static_broadcaster.py -> /home/isabella-herrarte/robotica-servicios-2025-iherrl00-reorganizado/P7/ros2_ws/install/human_tf_camera_example/lib/python3.12/site-packages/human_tf_camera_example\n'}
[2.425511] (human_tf_camera_example) StdoutLine: {'line': b'copying /home/isabella-herrarte/robotica-servicios-2025-iherrl00-reorganizado/P7/ros2_ws/build/human_tf_camera_example/build/lib/human_tf_camera_example/human_position_to_baselink.py -> /home/isabella-herrarte/robotica-servicios-2025-iherrl00-reorganizado/P7/ros2_ws/install/human_tf_camera_example/lib/python3.12/site-packages/human_tf_camera_example\n'}
[2.426090] (human_tf_camera_example) StdoutLine: {'line': b'byte-compiling /home/isabella-herrarte/robotica-servicios-2025-iherrl00-reorganizado/P7/ros2_ws/install/human_tf_camera_example/lib/python3.12/site-packages/human_tf_camera_example/human_position_estimator.py to human_position_estimator.cpython-312.pyc\n'}
[2.427871] (human_tf_camera_example) StdoutLine: {'line': b'byte-compiling /home/isabella-herrarte/robotica-servicios-2025-iherrl00-reorganizado/P7/ros2_ws/install/human_tf_camera_example/lib/python3.12/site-packages/human_tf_camera_example/__init__.py to __init__.cpython-312.pyc\n'}
[2.428227] (human_tf_camera_example) StdoutLine: {'line': b'byte-compiling /home/isabella-herrarte/robotica-servicios-2025-iherrl00-reorganizado/P7/ros2_ws/install/human_tf_camera_example/lib/python3.12/site-packages/human_tf_camera_example/static_broadcaster.py to static_broadcaster.cpython-312.pyc\n'}
[2.429027] (human_tf_camera_example) StdoutLine: {'line': b'byte-compiling /home/isabella-herrarte/robotica-servicios-2025-iherrl00-reorganizado/P7/ros2_ws/install/human_tf_camera_example/lib/python3.12/site-packages/human_tf_camera_example/human_position_to_baselink.py to human_position_to_baselink.cpython-312.pyc\n'}
[2.429964] (human_tf_camera_example) StdoutLine: {'line': b'running install_data\n'}
[2.430317] (human_tf_camera_example) StdoutLine: {'line': b'creating /home/isabella-herrarte/robotica-servicios-2025-iherrl00-reorganizado/P7/ros2_ws/install/human_tf_camera_example/share/ament_index\n'}
[2.430557] (human_tf_camera_example) StdoutLine: {'line': b'creating /home/isabella-herrarte/robotica-servicios-2025-iherrl00-reorganizado/P7/ros2_ws/install/human_tf_camera_example/share/ament_index/resource_index\n'}
[2.430720] (human_tf_camera_example) StdoutLine: {'line': b'creating /home/isabella-herrarte/robotica-servicios-2025-iherrl00-reorganizado/P7/ros2_ws/install/human_tf_camera_example/share/ament_index/resource_index/packages\n'}
[2.430833] (human_tf_camera_example) StdoutLine: {'line': b'copying resource/human_tf_camera_example -> /home/isabella-herrarte/robotica-servicios-2025-iherrl00-reorganizado/P7/ros2_ws/install/human_tf_camera_example/share/ament_index/resource_index/packages\n'}
[2.431013] (human_tf_camera_example) StdoutLine: {'line': b'copying package.xml -> /home/isabella-herrarte/robotica-servicios-2025-iherrl00-reorganizado/P7/ros2_ws/install/human_tf_camera_example/share/human_tf_camera_example\n'}
[2.431139] (human_tf_camera_example) StdoutLine: {'line': b'creating /home/isabella-herrarte/robotica-servicios-2025-iherrl00-reorganizado/P7/ros2_ws/install/human_tf_camera_example/share/human_tf_camera_example/launch\n'}
[2.431250] (human_tf_camera_example) StdoutLine: {'line': b'copying launch/human_tf.launch.py -> /home/isabella-herrarte/robotica-servicios-2025-iherrl00-reorganizado/P7/ros2_ws/install/human_tf_camera_example/share/human_tf_camera_example/launch\n'}
[2.431407] (human_tf_camera_example) StdoutLine: {'line': b'running install_egg_info\n'}
[2.472192] (human_tf_camera_example) StdoutLine: {'line': b'Copying ../../build/human_tf_camera_example/human_tf_camera_example.egg-info to /home/isabella-herrarte/robotica-servicios-2025-iherrl00-reorganizado/P7/ros2_ws/install/human_tf_camera_example/lib/python3.12/site-packages/human_tf_camera_example-0.0.0-py3.12.egg-info\n'}
[2.473953] (human_tf_camera_example) StdoutLine: {'line': b'running install_scripts\n'}
[2.509376] (-) TimerEvent: {}
[2.609703] (-) TimerEvent: {}
[2.710043] (-) TimerEvent: {}
[2.745342] (human_tf_camera_example) StdoutLine: {'line': b'Installing human_position_estimator.py script to /home/isabella-herrarte/robotica-servicios-2025-iherrl00-reorganizado/P7/ros2_ws/install/human_tf_camera_example/lib/human_tf_camera_example\n'}
[2.745918] (human_tf_camera_example) StdoutLine: {'line': b'Installing human_position_to_baselink.py script to /home/isabella-herrarte/robotica-servicios-2025-iherrl00-reorganizado/P7/ros2_ws/install/human_tf_camera_example/lib/human_tf_camera_example\n'}
[2.746218] (human_tf_camera_example) StdoutLine: {'line': b'Installing static_broadcaster.py script to /home/isabella-herrarte/robotica-servicios-2025-iherrl00-reorganizado/P7/ros2_ws/install/human_tf_camera_example/lib/human_tf_camera_example\n'}
[2.746592] (human_tf_camera_example) StdoutLine: {'line': b"writing list of installed files to '/home/isabella-herrarte/robotica-servicios-2025-iherrl00-reorganizado/P7/ros2_ws/build/human_tf_camera_example/install.log'\n"}
[2.803248] (human_tf_camera_example) CommandEnded: {'returncode': 0}
[2.810187] (-) TimerEvent: {}
[2.832883] (human_tf_camera_example) JobEnded: {'identifier': 'human_tf_camera_example', 'rc': 0}
[2.834332] (-) EventReactorShutdown: {}
