[0.251s] DEBUG:colcon:Command line arguments: ['/usr/bin/colcon', 'build', '--packages-select', 'human_tf_camera_example']
[0.251s] DEBUG:colcon:Parsed command line arguments: Namespace(log_base=None, log_level=None, verb_name='build', build_base='build', install_base='install', merge_install=False, symlink_install=False, test_result_base=None, continue_on_error=False, executor='parallel', parallel_workers=12, event_handlers=None, ignore_user_meta=False, metas=['./colcon.meta'], base_paths=['.'], packages_ignore=None, packages_ignore_regex=None, paths=None, packages_up_to=None, packages_up_to_regex=None, packages_above=None, packages_above_and_dependencies=None, packages_above_depth=None, packages_select_by_dep=None, packages_skip_by_dep=None, packages_skip_up_to=None, packages_select_build_failed=False, packages_skip_build_finished=False, packages_select_test_failures=False, packages_skip_test_passed=False, packages_select=['human_tf_camera_example'], packages_skip=None, packages_select_regex=None, packages_skip_regex=None, packages_start=None, packages_end=None, allow_overriding=[], cmake_args=None, cmake_target=None, cmake_target_skip_unavailable=False, cmake_clean_cache=False, cmake_clean_first=False, cmake_force_configure=False, ament_cmake_args=None, catkin_cmake_args=None, catkin_skip_building_tests=False, mixin_files=None, mixin=None, verb_parser=<colcon_mixin.mixin.mixin_argument.MixinArgumentDecorator object at 0x7e1e6cea9520>, verb_extension=<colcon_core.verb.build.BuildVerb object at 0x7e1e6cfc9460>, main=<bound method BuildVerb.main of <colcon_core.verb.build.BuildVerb object at 0x7e1e6cfc9460>>, mixin_verb=('build',))
[0.324s] Level 1:colcon.colcon_core.package_discovery:discover_packages(colcon_meta) check parameters
[0.324s] Level 1:colcon.colcon_core.package_discovery:discover_packages(recursive) check parameters
[0.324s] Level 1:colcon.colcon_core.package_discovery:discover_packages(ignore) check parameters
[0.324s] Level 1:colcon.colcon_core.package_discovery:discover_packages(path) check parameters
[0.324s] Level 1:colcon.colcon_core.package_discovery:discover_packages(colcon_meta) discover
[0.324s] Level 1:colcon.colcon_core.package_discovery:discover_packages(recursive) discover
[0.324s] INFO:colcon.colcon_core.package_discovery:Crawling recursively for packages in '/home/isabella-herrarte/robotica-servicios-2025-iherrl00-reorganizado/P7/ros2_ws'
[0.325s] Level 1:colcon.colcon_core.package_identification:_identify(.) by extensions ['ignore', 'ignore_ament_install']
[0.325s] Level 1:colcon.colcon_core.package_identification:_identify(.) by extension 'ignore'
[0.325s] Level 1:colcon.colcon_core.package_identification:_identify(.) by extension 'ignore_ament_install'
[0.325s] Level 1:colcon.colcon_core.package_identification:_identify(.) by extensions ['colcon_pkg']
[0.325s] Level 1:colcon.colcon_core.package_identification:_identify(.) by extension 'colcon_pkg'
[0.325s] Level 1:colcon.colcon_core.package_identification:_identify(.) by extensions ['colcon_meta']
[0.325s] Level 1:colcon.colcon_core.package_identification:_identify(.) by extension 'colcon_meta'
[0.325s] Level 1:colcon.colcon_core.package_identification:_identify(.) by extensions ['ros']
[0.325s] Level 1:colcon.colcon_core.package_identification:_identify(.) by extension 'ros'
[0.369s] Level 1:colcon.colcon_core.package_identification:_identify(.) by extensions ['cmake', 'python']
[0.369s] Level 1:colcon.colcon_core.package_identification:_identify(.) by extension 'cmake'
[0.370s] Level 1:colcon.colcon_core.package_identification:_identify(.) by extension 'python'
[0.370s] Level 1:colcon.colcon_core.package_identification:_identify(.) by extensions ['python_setup_py']
[0.370s] Level 1:colcon.colcon_core.package_identification:_identify(.) by extension 'python_setup_py'
[0.370s] Level 1:colcon.colcon_core.package_identification:_identify(build) by extensions ['ignore', 'ignore_ament_install']
[0.370s] Level 1:colcon.colcon_core.package_identification:_identify(build) by extension 'ignore'
[0.370s] Level 1:colcon.colcon_core.package_identification:_identify(build) ignored
[0.370s] Level 1:colcon.colcon_core.package_identification:_identify(install) by extensions ['ignore', 'ignore_ament_install']
[0.370s] Level 1:colcon.colcon_core.package_identification:_identify(install) by extension 'ignore'
[0.370s] Level 1:colcon.colcon_core.package_identification:_identify(install) ignored
[0.371s] Level 1:colcon.colcon_core.package_identification:_identify(log) by extensions ['ignore', 'ignore_ament_install']
[0.371s] Level 1:colcon.colcon_core.package_identification:_identify(log) by extension 'ignore'
[0.371s] Level 1:colcon.colcon_core.package_identification:_identify(log) ignored
[0.371s] Level 1:colcon.colcon_core.package_identification:_identify(src) by extensions ['ignore', 'ignore_ament_install']
[0.371s] Level 1:colcon.colcon_core.package_identification:_identify(src) by extension 'ignore'
[0.371s] Level 1:colcon.colcon_core.package_identification:_identify(src) by extension 'ignore_ament_install'
[0.371s] Level 1:colcon.colcon_core.package_identification:_identify(src) by extensions ['colcon_pkg']
[0.371s] Level 1:colcon.colcon_core.package_identification:_identify(src) by extension 'colcon_pkg'
[0.371s] Level 1:colcon.colcon_core.package_identification:_identify(src) by extensions ['colcon_meta']
[0.371s] Level 1:colcon.colcon_core.package_identification:_identify(src) by extension 'colcon_meta'
[0.371s] Level 1:colcon.colcon_core.package_identification:_identify(src) by extensions ['ros']
[0.371s] Level 1:colcon.colcon_core.package_identification:_identify(src) by extension 'ros'
[0.372s] Level 1:colcon.colcon_core.package_identification:_identify(src) by extensions ['cmake', 'python']
[0.372s] Level 1:colcon.colcon_core.package_identification:_identify(src) by extension 'cmake'
[0.372s] Level 1:colcon.colcon_core.package_identification:_identify(src) by extension 'python'
[0.372s] Level 1:colcon.colcon_core.package_identification:_identify(src) by extensions ['python_setup_py']
[0.372s] Level 1:colcon.colcon_core.package_identification:_identify(src) by extension 'python_setup_py'
[0.372s] Level 1:colcon.colcon_core.package_identification:_identify(src/human_tf_camera_example) by extensions ['ignore', 'ignore_ament_install']
[0.372s] Level 1:colcon.colcon_core.package_identification:_identify(src/human_tf_camera_example) by extension 'ignore'
[0.372s] Level 1:colcon.colcon_core.package_identification:_identify(src/human_tf_camera_example) by extension 'ignore_ament_install'
[0.372s] Level 1:colcon.colcon_core.package_identification:_identify(src/human_tf_camera_example) by extensions ['colcon_pkg']
[0.372s] Level 1:colcon.colcon_core.package_identification:_identify(src/human_tf_camera_example) by extension 'colcon_pkg'
[0.372s] Level 1:colcon.colcon_core.package_identification:_identify(src/human_tf_camera_example) by extensions ['colcon_meta']
[0.372s] Level 1:colcon.colcon_core.package_identification:_identify(src/human_tf_camera_example) by extension 'colcon_meta'
[0.372s] Level 1:colcon.colcon_core.package_identification:_identify(src/human_tf_camera_example) by extensions ['ros']
[0.372s] Level 1:colcon.colcon_core.package_identification:_identify(src/human_tf_camera_example) by extension 'ros'
[0.377s] DEBUG:colcon.colcon_core.package_identification:Package 'src/human_tf_camera_example' with type 'ros.ament_python' and name 'human_tf_camera_example'
[0.377s] Level 1:colcon.colcon_core.package_discovery:discover_packages(recursive) using defaults
[0.377s] Level 1:colcon.colcon_core.package_discovery:discover_packages(ignore) discover
[0.377s] Level 1:colcon.colcon_core.package_discovery:discover_packages(ignore) using defaults
[0.377s] Level 1:colcon.colcon_core.package_discovery:discover_packages(path) discover
[0.377s] Level 1:colcon.colcon_core.package_discovery:discover_packages(path) using defaults
[0.413s] Level 1:colcon.colcon_core.package_discovery:discover_packages(prefix_path) check parameters
[0.413s] Level 1:colcon.colcon_core.package_discovery:discover_packages(prefix_path) discover
[0.422s] DEBUG:colcon.colcon_installed_package_information.package_discovery:Found 457 installed packages in /opt/ros/jazzy
[0.425s] Level 1:colcon.colcon_core.package_discovery:discover_packages(prefix_path) using defaults
[0.529s] Level 5:colcon.colcon_core.verb:set package 'human_tf_camera_example' build argument 'cmake_args' from command line to 'None'
[0.529s] Level 5:colcon.colcon_core.verb:set package 'human_tf_camera_example' build argument 'cmake_target' from command line to 'None'
[0.529s] Level 5:colcon.colcon_core.verb:set package 'human_tf_camera_example' build argument 'cmake_target_skip_unavailable' from command line to 'False'
[0.529s] Level 5:colcon.colcon_core.verb:set package 'human_tf_camera_example' build argument 'cmake_clean_cache' from command line to 'False'
[0.529s] Level 5:colcon.colcon_core.verb:set package 'human_tf_camera_example' build argument 'cmake_clean_first' from command line to 'False'
[0.529s] Level 5:colcon.colcon_core.verb:set package 'human_tf_camera_example' build argument 'cmake_force_configure' from command line to 'False'
[0.529s] Level 5:colcon.colcon_core.verb:set package 'human_tf_camera_example' build argument 'ament_cmake_args' from command line to 'None'
[0.529s] Level 5:colcon.colcon_core.verb:set package 'human_tf_camera_example' build argument 'catkin_cmake_args' from command line to 'None'
[0.529s] Level 5:colcon.colcon_core.verb:set package 'human_tf_camera_example' build argument 'catkin_skip_building_tests' from command line to 'False'
[0.529s] DEBUG:colcon.colcon_core.verb:Building package 'human_tf_camera_example' with the following arguments: {'ament_cmake_args': None, 'build_base': '/home/isabella-herrarte/robotica-servicios-2025-iherrl00-reorganizado/P7/ros2_ws/build/human_tf_camera_example', 'catkin_cmake_args': None, 'catkin_skip_building_tests': False, 'cmake_args': None, 'cmake_clean_cache': False, 'cmake_clean_first': False, 'cmake_force_configure': False, 'cmake_target': None, 'cmake_target_skip_unavailable': False, 'install_base': '/home/isabella-herrarte/robotica-servicios-2025-iherrl00-reorganizado/P7/ros2_ws/install/human_tf_camera_example', 'merge_install': False, 'path': '/home/isabella-herrarte/robotica-servicios-2025-iherrl00-reorganizado/P7/ros2_ws/src/human_tf_camera_example', 'symlink_install': False, 'test_result_base': None}
[0.529s] INFO:colcon.colcon_core.executor:Executing jobs using 'parallel' executor
[0.531s] DEBUG:colcon.colcon_parallel_executor.executor.parallel:run_until_complete
[0.532s] INFO:colcon.colcon_ros.task.ament_python.build:Building ROS package in '/home/isabella-herrarte/robotica-servicios-2025-iherrl00-reorganizado/P7/ros2_ws/src/human_tf_camera_example' with build type 'ament_python'
[0.532s] Level 1:colcon.colcon_core.shell:create_environment_hook('human_tf_camera_example', 'ament_prefix_path')
[0.538s] INFO:colcon.colcon_core.plugin_system:Skipping extension 'colcon_core.shell.bat': Not used on non-Windows systems
[0.539s] INFO:colcon.colcon_core.shell:Creating environment hook '/home/isabella-herrarte/robotica-servicios-2025-iherrl00-reorganizado/P7/ros2_ws/install/human_tf_camera_example/share/human_tf_camera_example/hook/ament_prefix_path.ps1'
[0.540s] INFO:colcon.colcon_core.shell:Creating environment descriptor '/home/isabella-herrarte/robotica-servicios-2025-iherrl00-reorganizado/P7/ros2_ws/install/human_tf_camera_example/share/human_tf_camera_example/hook/ament_prefix_path.dsv'
[0.541s] INFO:colcon.colcon_core.shell:Creating environment hook '/home/isabella-herrarte/robotica-servicios-2025-iherrl00-reorganizado/P7/ros2_ws/install/human_tf_camera_example/share/human_tf_camera_example/hook/ament_prefix_path.sh'
[0.542s] INFO:colcon.colcon_core.shell:Skip shell extension 'powershell' for command environment: Not usable outside of PowerShell
[0.542s] DEBUG:colcon.colcon_core.shell:Skip shell extension 'dsv' for command environment
[0.983s] INFO:colcon.colcon_core.task.python.build:Building Python package in '/home/isabella-herrarte/robotica-servicios-2025-iherrl00-reorganizado/P7/ros2_ws/src/human_tf_camera_example'
[0.984s] INFO:colcon.colcon_core.shell:Skip shell extension 'powershell' for command environment: Not usable outside of PowerShell
[0.984s] DEBUG:colcon.colcon_core.shell:Skip shell extension 'dsv' for command environment
[2.285s] DEBUG:colcon.colcon_core.event_handler.log_command:Invoking command in '/home/isabella-herrarte/robotica-servicios-2025-iherrl00-reorganizado/P7/ros2_ws/src/human_tf_camera_example': DEBUGINFOD_URLS=https://debuginfod.ubuntu.com PYTHONPATH=/home/isabella-herrarte/robotica-servicios-2025-iherrl00-reorganizado/P7/ros2_ws/build/human_tf_camera_example/prefix_override:/usr/lib/python3/dist-packages/colcon_core/task/python/colcon_distutils_commands:/home/isabella-herrarte/robotica-servicios-2025-iherrl00-reorganizado/P7/ros2_ws/install/human_tf_camera_example/lib/python3.12/site-packages:${PYTHONPATH} /usr/bin/python3 -W ignore:setup.py install is deprecated -W ignore:easy_install command is deprecated setup.py egg_info --egg-base ../../build/human_tf_camera_example build --build-base /home/isabella-herrarte/robotica-servicios-2025-iherrl00-reorganizado/P7/ros2_ws/build/human_tf_camera_example/build install --record /home/isabella-herrarte/robotica-servicios-2025-iherrl00-reorganizado/P7/ros2_ws/build/human_tf_camera_example/install.log --single-version-externally-managed install_data
[3.335s] DEBUG:colcon.colcon_core.event_handler.log_command:Invoked command in '/home/isabella-herrarte/robotica-servicios-2025-iherrl00-reorganizado/P7/ros2_ws/src/human_tf_camera_example' returned '0': DEBUGINFOD_URLS=https://debuginfod.ubuntu.com PYTHONPATH=/home/isabella-herrarte/robotica-servicios-2025-iherrl00-reorganizado/P7/ros2_ws/build/human_tf_camera_example/prefix_override:/usr/lib/python3/dist-packages/colcon_core/task/python/colcon_distutils_commands:/home/isabella-herrarte/robotica-servicios-2025-iherrl00-reorganizado/P7/ros2_ws/install/human_tf_camera_example/lib/python3.12/site-packages:${PYTHONPATH} /usr/bin/python3 -W ignore:setup.py install is deprecated -W ignore:easy_install command is deprecated setup.py egg_info --egg-base ../../build/human_tf_camera_example build --build-base /home/isabella-herrarte/robotica-servicios-2025-iherrl00-reorganizado/P7/ros2_ws/build/human_tf_camera_example/build install --record /home/isabella-herrarte/robotica-servicios-2025-iherrl00-reorganizado/P7/ros2_ws/build/human_tf_camera_example/install.log --single-version-externally-managed install_data
[3.349s] Level 1:colcon.colcon_core.environment:checking '/home/isabella-herrarte/robotica-servicios-2025-iherrl00-reorganizado/P7/ros2_ws/install/human_tf_camera_example' for CMake module files
[3.350s] Level 1:colcon.colcon_core.environment:checking '/home/isabella-herrarte/robotica-servicios-2025-iherrl00-reorganizado/P7/ros2_ws/install/human_tf_camera_example' for CMake config files
[3.351s] Level 1:colcon.colcon_core.environment:checking '/home/isabella-herrarte/robotica-servicios-2025-iherrl00-reorganizado/P7/ros2_ws/install/human_tf_camera_example/lib'
[3.352s] Level 1:colcon.colcon_core.environment:checking '/home/isabella-herrarte/robotica-servicios-2025-iherrl00-reorganizado/P7/ros2_ws/install/human_tf_camera_example/bin'
[3.352s] Level 1:colcon.colcon_core.environment:checking '/home/isabella-herrarte/robotica-servicios-2025-iherrl00-reorganizado/P7/ros2_ws/install/human_tf_camera_example/lib/pkgconfig/human_tf_camera_example.pc'
[3.352s] Level 1:colcon.colcon_core.environment:checking '/home/isabella-herrarte/robotica-servicios-2025-iherrl00-reorganizado/P7/ros2_ws/install/human_tf_camera_example/lib/python3.12/site-packages'
[3.352s] Level 1:colcon.colcon_core.shell:create_environment_hook('human_tf_camera_example', 'pythonpath')
[3.352s] INFO:colcon.colcon_core.shell:Creating environment hook '/home/isabella-herrarte/robotica-servicios-2025-iherrl00-reorganizado/P7/ros2_ws/install/human_tf_camera_example/share/human_tf_camera_example/hook/pythonpath.ps1'
[3.353s] INFO:colcon.colcon_core.shell:Creating environment descriptor '/home/isabella-herrarte/robotica-servicios-2025-iherrl00-reorganizado/P7/ros2_ws/install/human_tf_camera_example/share/human_tf_camera_example/hook/pythonpath.dsv'
[3.354s] INFO:colcon.colcon_core.shell:Creating environment hook '/home/isabella-herrarte/robotica-servicios-2025-iherrl00-reorganizado/P7/ros2_ws/install/human_tf_camera_example/share/human_tf_camera_example/hook/pythonpath.sh'
[3.355s] Level 1:colcon.colcon_core.environment:checking '/home/isabella-herrarte/robotica-servicios-2025-iherrl00-reorganizado/P7/ros2_ws/install/human_tf_camera_example/bin'
[3.355s] Level 1:colcon.colcon_core.environment:create_environment_scripts_only(human_tf_camera_example)
[3.355s] INFO:colcon.colcon_core.shell:Creating package script '/home/isabella-herrarte/robotica-servicios-2025-iherrl00-reorganizado/P7/ros2_ws/install/human_tf_camera_example/share/human_tf_camera_example/package.ps1'
[3.357s] INFO:colcon.colcon_core.shell:Creating package descriptor '/home/isabella-herrarte/robotica-servicios-2025-iherrl00-reorganizado/P7/ros2_ws/install/human_tf_camera_example/share/human_tf_camera_example/package.dsv'
[3.358s] INFO:colcon.colcon_core.shell:Creating package script '/home/isabella-herrarte/robotica-servicios-2025-iherrl00-reorganizado/P7/ros2_ws/install/human_tf_camera_example/share/human_tf_camera_example/package.sh'
[3.359s] INFO:colcon.colcon_core.shell:Creating package script '/home/isabella-herrarte/robotica-servicios-2025-iherrl00-reorganizado/P7/ros2_ws/install/human_tf_camera_example/share/human_tf_camera_example/package.bash'
[3.362s] INFO:colcon.colcon_core.shell:Creating package script '/home/isabella-herrarte/robotica-servicios-2025-iherrl00-reorganizado/P7/ros2_ws/install/human_tf_camera_example/share/human_tf_camera_example/package.zsh'
[3.363s] Level 1:colcon.colcon_core.environment:create_file_with_runtime_dependencies(/home/isabella-herrarte/robotica-servicios-2025-iherrl00-reorganizado/P7/ros2_ws/install/human_tf_camera_example/share/colcon-core/packages/human_tf_camera_example)
[3.364s] DEBUG:colcon.colcon_parallel_executor.executor.parallel:closing loop
[3.365s] DEBUG:colcon.colcon_parallel_executor.executor.parallel:loop closed
[3.365s] DEBUG:colcon.colcon_parallel_executor.executor.parallel:run_until_complete finished with '0'
[3.365s] DEBUG:colcon.colcon_core.event_reactor:joining thread
[3.376s] INFO:colcon.colcon_core.plugin_system:Skipping extension 'colcon_notification.desktop_notification.terminal_notifier': Not used on non-Darwin systems
[3.376s] INFO:colcon.colcon_core.plugin_system:Skipping extension 'colcon_notification.desktop_notification.win32': Not used on non-Windows systems
[3.376s] INFO:colcon.colcon_notification.desktop_notification:Sending desktop notification using 'notify2'
[3.409s] DEBUG:colcon.colcon_core.event_reactor:joined thread
[3.410s] INFO:colcon.colcon_core.shell:Creating prefix script '/home/isabella-herrarte/robotica-servicios-2025-iherrl00-reorganizado/P7/ros2_ws/install/local_setup.ps1'
[3.411s] INFO:colcon.colcon_core.shell:Creating prefix util module '/home/isabella-herrarte/robotica-servicios-2025-iherrl00-reorganizado/P7/ros2_ws/install/_local_setup_util_ps1.py'
[3.413s] INFO:colcon.colcon_core.shell:Creating prefix chain script '/home/isabella-herrarte/robotica-servicios-2025-iherrl00-reorganizado/P7/ros2_ws/install/setup.ps1'
[3.415s] INFO:colcon.colcon_core.shell:Creating prefix script '/home/isabella-herrarte/robotica-servicios-2025-iherrl00-reorganizado/P7/ros2_ws/install/local_setup.sh'
[3.416s] INFO:colcon.colcon_core.shell:Creating prefix util module '/home/isabella-herrarte/robotica-servicios-2025-iherrl00-reorganizado/P7/ros2_ws/install/_local_setup_util_sh.py'
[3.417s] INFO:colcon.colcon_core.shell:Creating prefix chain script '/home/isabella-herrarte/robotica-servicios-2025-iherrl00-reorganizado/P7/ros2_ws/install/setup.sh'
[3.418s] INFO:colcon.colcon_core.shell:Creating prefix script '/home/isabella-herrarte/robotica-servicios-2025-iherrl00-reorganizado/P7/ros2_ws/install/local_setup.bash'
[3.419s] INFO:colcon.colcon_core.shell:Creating prefix chain script '/home/isabella-herrarte/robotica-servicios-2025-iherrl00-reorganizado/P7/ros2_ws/install/setup.bash'
[3.420s] INFO:colcon.colcon_core.shell:Creating prefix script '/home/isabella-herrarte/robotica-servicios-2025-iherrl00-reorganizado/P7/ros2_ws/install/local_setup.zsh'
[3.421s] INFO:colcon.colcon_core.shell:Creating prefix chain script '/home/isabella-herrarte/robotica-servicios-2025-iherrl00-reorganizado/P7/ros2_ws/install/setup.zsh'
