[1.774s] Invoking command in '/home/isabella-herrarte/robotica-servicios-2025-iherrl00-reorganizado/P1/ros2_ws/src/py_pubsub': DEBUGINFOD_URLS=https://debuginfod.ubuntu.com PYTHONPATH=/home/isabella-herrarte/robotica-servicios-2025-iherrl00-reorganizado/P1/ros2_ws/build/py_pubsub/prefix_override:/usr/lib/python3/dist-packages/colcon_core/task/python/colcon_distutils_commands:/home/isabella-herrarte/robotica-servicios-2025-iherrl00-reorganizado/P1/ros2_ws/install/py_pubsub/lib/python3.12/site-packages:${PYTHONPATH} /usr/bin/python3 -W ignore:setup.py install is deprecated -W ignore:easy_install command is deprecated setup.py egg_info --egg-base ../../build/py_pubsub build --build-base /home/isabella-herrarte/robotica-servicios-2025-iherrl00-reorganizado/P1/ros2_ws/build/py_pubsub/build install --record /home/isabella-herrarte/robotica-servicios-2025-iherrl00-reorganizado/P1/ros2_ws/build/py_pubsub/install.log --single-version-externally-managed install_data
[2.298s] running egg_info
[2.338s] writing ../../build/py_pubsub/py_pubsub.egg-info/PKG-INFO
[2.345s] writing dependency_links to ../../build/py_pubsub/py_pubsub.egg-info/dependency_links.txt
[2.345s] writing entry points to ../../build/py_pubsub/py_pubsub.egg-info/entry_points.txt
[2.345s] writing requirements to ../../build/py_pubsub/py_pubsub.egg-info/requires.txt
[2.346s] writing top-level names to ../../build/py_pubsub/py_pubsub.egg-info/top_level.txt
[2.427s] reading manifest file '../../build/py_pubsub/py_pubsub.egg-info/SOURCES.txt'
[2.427s] adding license file 'LICENSE'
[2.428s] writing manifest file '../../build/py_pubsub/py_pubsub.egg-info/SOURCES.txt'
[2.428s] running build
[2.429s] running build_py
[2.430s] running install
[2.441s] running install_lib
[2.482s] running install_data
[2.483s] running install_egg_info
[2.526s] removing '/home/isabella-herrarte/robotica-servicios-2025-iherrl00-reorganizado/P1/ros2_ws/install/py_pubsub/lib/python3.12/site-packages/py_pubsub-0.0.0-py3.12.egg-info' (and everything under it)
[2.527s] Copying ../../build/py_pubsub/py_pubsub.egg-info to /home/isabella-herrarte/robotica-servicios-2025-iherrl00-reorganizado/P1/ros2_ws/install/py_pubsub/lib/python3.12/site-packages/py_pubsub-0.0.0-py3.12.egg-info
[2.528s] running install_scripts
[2.793s] Installing listener script to /home/isabella-herrarte/robotica-servicios-2025-iherrl00-reorganizado/P1/ros2_ws/install/py_pubsub/lib/py_pubsub
[2.800s] Installing talker script to /home/isabella-herrarte/robotica-servicios-2025-iherrl00-reorganizado/P1/ros2_ws/install/py_pubsub/lib/py_pubsub
[2.801s] writing list of installed files to '/home/isabella-herrarte/robotica-servicios-2025-iherrl00-reorganizado/P1/ros2_ws/build/py_pubsub/install.log'
[2.854s] Invoked command in '/home/isabella-herrarte/robotica-servicios-2025-iherrl00-reorganizado/P1/ros2_ws/src/py_pubsub' returned '0': DEBUGINFOD_URLS=https://debuginfod.ubuntu.com PYTHONPATH=/home/isabella-herrarte/robotica-servicios-2025-iherrl00-reorganizado/P1/ros2_ws/build/py_pubsub/prefix_override:/usr/lib/python3/dist-packages/colcon_core/task/python/colcon_distutils_commands:/home/isabella-herrarte/robotica-servicios-2025-iherrl00-reorganizado/P1/ros2_ws/install/py_pubsub/lib/python3.12/site-packages:${PYTHONPATH} /usr/bin/python3 -W ignore:setup.py install is deprecated -W ignore:easy_install command is deprecated setup.py egg_info --egg-base ../../build/py_pubsub build --build-base /home/isabella-herrarte/robotica-servicios-2025-iherrl00-reorganizado/P1/ros2_ws/build/py_pubsub/build install --record /home/isabella-herrarte/robotica-servicios-2025-iherrl00-reorganizado/P1/ros2_ws/build/py_pubsub/install.log --single-version-externally-managed install_data
