[0.444s] Invoking command in '/home/isabella-herrarte/robotica-servicios-2025-iherrl00-reorganizado/P1/ros2_ws/build/usb_cam': CMAKE_PREFIX_PATH=${CMAKE_PREFIX_PATH}:/opt/ros/jazzy DEBUGINFOD_URLS=https://debuginfod.ubuntu.com /usr/bin/cmake /home/isabella-herrarte/robotica-servicios-2025-iherrl00-reorganizado/P1/ros2_ws/src/usb_cam -DCMAKE_INSTALL_PREFIX=/home/isabella-herrarte/robotica-servicios-2025-iherrl00-reorganizado/P1/ros2_ws/install/usb_cam
[0.560s] -- The C compiler identification is GNU 13.3.0
[0.675s] -- The CXX compiler identification is GNU 13.3.0
[0.713s] -- Detecting C compiler ABI info
[0.917s] -- Detecting C compiler ABI info - done
[0.935s] -- Check for working C compiler: /usr/bin/cc - skipped
[0.935s] -- Detecting C compile features
[0.936s] -- Detecting C compile features - done
[0.959s] -- Detecting CXX compiler ABI info
[1.193s] -- Detecting CXX compiler ABI info - done
[1.212s] -- Check for working CXX compiler: /usr/bin/c++ - skipped
[1.212s] -- Detecting CXX compile features
[1.213s] -- Detecting CXX compile features - done
[1.224s] -- Found ament_cmake_auto: 2.5.4 (/opt/ros/jazzy/share/ament_cmake_auto/cmake)
[1.547s] -- Found Python3: /usr/bin/python3 (found version "3.12.3") found components: Interpreter 
[2.127s] -- Found rosidl_generator_c: 4.6.6 (/opt/ros/jazzy/share/rosidl_generator_c/cmake)
[2.168s] -- Found rosidl_generator_cpp: 4.6.6 (/opt/ros/jazzy/share/rosidl_generator_cpp/cmake)
[2.215s] -- Using all available rosidl_typesupport_c: rosidl_typesupport_fastrtps_c;rosidl_typesupport_introspection_c
[2.264s] -- Using all available rosidl_typesupport_cpp: rosidl_typesupport_fastrtps_cpp;rosidl_typesupport_introspection_cpp
[2.463s] -- Found rmw_implementation_cmake: 7.3.2 (/opt/ros/jazzy/share/rmw_implementation_cmake/cmake)
[2.473s] -- Found rmw_fastrtps_cpp: 8.4.3 (/opt/ros/jazzy/share/rmw_fastrtps_cpp/cmake)
[2.708s] -- Found OpenSSL: /usr/lib/x86_64-linux-gnu/libcrypto.so (found version "3.0.13")  
[2.752s] -- Found FastRTPS: /opt/ros/jazzy/include (Required is at least version "2.13") 
[2.802s] -- Using RMW implementation 'rmw_fastrtps_cpp' as default
[3.349s] -- Setting yaml-cpp_DIR to: '/opt/ros/jazzy/share/yaml_cpp_vendor/cmake/../../../opt/yaml_cpp_vendor/share/cmake/yaml-cpp'
[3.677s] -- Found rosidl_adapter: 4.6.6 (/opt/ros/jazzy/share/rosidl_adapter/cmake)
[3.690s] -- Found OpenCV: /usr (found version "4.6.0") 
[3.699s] -- Found PkgConfig: /usr/bin/pkg-config (found version "1.8.1") 
[3.701s] -- Checking for module 'libavcodec'
[3.746s] --   Found libavcodec, version 60.31.102
[3.853s] -- Checking for module 'libavutil'
[3.895s] --   Found libavutil, version 58.29.100
[3.991s] -- Checking for module 'libswscale'
[4.030s] --   Found libswscale, version 7.5.100
[4.147s] -- Found ament_lint_auto: 0.17.3 (/opt/ros/jazzy/share/ament_lint_auto/cmake)
[4.252s] -- Found gtest sources under '/opt/ros/jazzy/src/gtest_vendor': C++ tests using 'Google Test' will be built
[4.259s] -- Performing Test CMAKE_HAVE_LIBC_PTHREAD
[4.454s] -- Performing Test CMAKE_HAVE_LIBC_PTHREAD - Success
[4.456s] -- Found Threads: TRUE  
[4.462s] [0mIn this package, headers install destination is set to `include` by ament_auto_package. It is recommended to install `include/usb_cam` instead and will be the default behavior of ament_auto_package from ROS 2 Kilted Kaiju. On distributions before Kilted, ament_auto_package behaves the same way when you use USE_SCOPED_HEADER_INSTALL_DIR option.[0m
[4.470s] -- Added test 'copyright' to check source files copyright and LICENSE
[4.479s] -- Added test 'cppcheck' to perform static code analysis on C / C++ code
[4.479s] -- Configured cppcheck include dirs: /home/isabella-herrarte/robotica-servicios-2025-iherrl00-reorganizado/P1/ros2_ws/src/usb_cam/include
[4.480s] -- Configured cppcheck exclude dirs and/or files: 
[4.488s] -- Added test 'cpplint' to check C / C++ code against the Google style
[4.489s] -- Configured cpplint exclude dirs and/or files: 
[4.491s] -- Added test 'flake8' to check Python code syntax and style conventions
[4.491s] -- Configured 'flake8' exclude dirs and/or files: 
[4.494s] -- Added test 'lint_cmake' to check CMake code style
[4.496s] -- Added test 'pep257' to check Python code against some of the docstring style conventions in PEP 257
[4.505s] -- Added test 'uncrustify' to check C / C++ code style
[4.505s] -- Configured uncrustify additional arguments: 
[4.507s] -- Added test 'xmllint' to check XML markup files
[4.514s] -- Configuring done (4.1s)
[4.596s] -- Generating done (0.1s)
[4.616s] -- Build files have been written to: /home/isabella-herrarte/robotica-servicios-2025-iherrl00-reorganizado/P1/ros2_ws/build/usb_cam
[4.642s] Invoked command in '/home/isabella-herrarte/robotica-servicios-2025-iherrl00-reorganizado/P1/ros2_ws/build/usb_cam' returned '0': CMAKE_PREFIX_PATH=${CMAKE_PREFIX_PATH}:/opt/ros/jazzy DEBUGINFOD_URLS=https://debuginfod.ubuntu.com /usr/bin/cmake /home/isabella-herrarte/robotica-servicios-2025-iherrl00-reorganizado/P1/ros2_ws/src/usb_cam -DCMAKE_INSTALL_PREFIX=/home/isabella-herrarte/robotica-servicios-2025-iherrl00-reorganizado/P1/ros2_ws/install/usb_cam
[4.644s] Invoking command in '/home/isabella-herrarte/robotica-servicios-2025-iherrl00-reorganizado/P1/ros2_ws/build/usb_cam': CMAKE_PREFIX_PATH=${CMAKE_PREFIX_PATH}:/opt/ros/jazzy DEBUGINFOD_URLS=https://debuginfod.ubuntu.com /usr/bin/cmake --build /home/isabella-herrarte/robotica-servicios-2025-iherrl00-reorganizado/P1/ros2_ws/build/usb_cam -- -j12 -l12
[4.772s] [  7%] [32mBuilding CXX object CMakeFiles/usb_cam.dir/src/usb_cam.cpp.o[0m
[4.773s] [ 14%] [32mBuilding CXX object gtest/CMakeFiles/gtest_main.dir/src/gtest_main.cc.o[0m
[4.776s] [ 28%] [32mBuilding CXX object CMakeFiles/usb_cam_node_exe.dir/rclcpp_components/node_main_usb_cam_node_exe.cpp.o[0m
[4.777s] [ 28%] [32mBuilding CXX object gtest/CMakeFiles/gtest.dir/src/gtest-all.cc.o[0m
[6.316s] [ 35%] [32m[1mLinking CXX static library libgtest_main.a[0m
[6.405s] [ 35%] Built target gtest_main
[8.022s] [ 42%] [32m[1mLinking CXX shared library libusb_cam.so[0m
[8.442s] [ 42%] Built target usb_cam
[8.490s] [ 50%] [32mBuilding CXX object CMakeFiles/usb_cam_node.dir/src/usb_cam_node.cpp.o[0m
[9.846s] [ 57%] [32m[1mLinking CXX executable usb_cam_node_exe[0m
[10.309s] [ 57%] Built target usb_cam_node_exe
[10.682s] [ 64%] [32m[1mLinking CXX static library libgtest.a[0m
[10.775s] [ 64%] Built target gtest
[10.811s] [ 71%] [32mBuilding CXX object CMakeFiles/test_pixel_formats.dir/test/test_pixel_formats.cpp.o[0m
[10.812s] [ 78%] [32mBuilding CXX object CMakeFiles/test_usb_cam_utils.dir/test/test_usb_cam_utils.cpp.o[0m
[12.273s] [ 85%] [32m[1mLinking CXX executable test_usb_cam_utils[0m
[12.539s] [ 92%] [32m[1mLinking CXX executable test_pixel_formats[0m
[12.714s] [ 92%] Built target test_usb_cam_utils
[12.955s] [ 92%] Built target test_pixel_formats
[16.914s] [100%] [32m[1mLinking CXX shared library libusb_cam_node.so[0m
[17.429s] [100%] Built target usb_cam_node
[17.446s] Invoked command in '/home/isabella-herrarte/robotica-servicios-2025-iherrl00-reorganizado/P1/ros2_ws/build/usb_cam' returned '0': CMAKE_PREFIX_PATH=${CMAKE_PREFIX_PATH}:/opt/ros/jazzy DEBUGINFOD_URLS=https://debuginfod.ubuntu.com /usr/bin/cmake --build /home/isabella-herrarte/robotica-servicios-2025-iherrl00-reorganizado/P1/ros2_ws/build/usb_cam -- -j12 -l12
[17.447s] Invoking command in '/home/isabella-herrarte/robotica-servicios-2025-iherrl00-reorganizado/P1/ros2_ws/build/usb_cam': CMAKE_PREFIX_PATH=${CMAKE_PREFIX_PATH}:/opt/ros/jazzy DEBUGINFOD_URLS=https://debuginfod.ubuntu.com /usr/bin/cmake --install /home/isabella-herrarte/robotica-servicios-2025-iherrl00-reorganizado/P1/ros2_ws/build/usb_cam
[17.458s] -- Install configuration: ""
[17.458s] -- Installing: /home/isabella-herrarte/robotica-servicios-2025-iherrl00-reorganizado/P1/ros2_ws/install/usb_cam/share/usb_cam/environment/library_path.sh
[17.458s] -- Installing: /home/isabella-herrarte/robotica-servicios-2025-iherrl00-reorganizado/P1/ros2_ws/install/usb_cam/share/usb_cam/environment/library_path.dsv
[17.458s] -- Installing: /home/isabella-herrarte/robotica-servicios-2025-iherrl00-reorganizado/P1/ros2_ws/install/usb_cam/lib/usb_cam/usb_cam_node_exe
[17.459s] -- Set non-toolchain portion of runtime path of "/home/isabella-herrarte/robotica-servicios-2025-iherrl00-reorganizado/P1/ros2_ws/install/usb_cam/lib/usb_cam/usb_cam_node_exe" to ""
[17.459s] -- Installing: /home/isabella-herrarte/robotica-servicios-2025-iherrl00-reorganizado/P1/ros2_ws/install/usb_cam/lib/usb_cam/show_image.py
[17.459s] -- Installing: /home/isabella-herrarte/robotica-servicios-2025-iherrl00-reorganizado/P1/ros2_ws/install/usb_cam/lib/libusb_cam.so
[17.460s] -- Installing: /home/isabella-herrarte/robotica-servicios-2025-iherrl00-reorganizado/P1/ros2_ws/install/usb_cam/lib/libusb_cam_node.so
[17.464s] -- Set non-toolchain portion of runtime path of "/home/isabella-herrarte/robotica-servicios-2025-iherrl00-reorganizado/P1/ros2_ws/install/usb_cam/lib/libusb_cam_node.so" to ""
[17.464s] -- Installing: /home/isabella-herrarte/robotica-servicios-2025-iherrl00-reorganizado/P1/ros2_ws/install/usb_cam/include
[17.464s] -- Installing: /home/isabella-herrarte/robotica-servicios-2025-iherrl00-reorganizado/P1/ros2_ws/install/usb_cam/include/usb_cam
[17.464s] -- Installing: /home/isabella-herrarte/robotica-servicios-2025-iherrl00-reorganizado/P1/ros2_ws/install/usb_cam/include/usb_cam/constants.hpp
[17.465s] -- Installing: /home/isabella-herrarte/robotica-servicios-2025-iherrl00-reorganizado/P1/ros2_ws/install/usb_cam/include/usb_cam/formats
[17.465s] -- Installing: /home/isabella-herrarte/robotica-servicios-2025-iherrl00-reorganizado/P1/ros2_ws/install/usb_cam/include/usb_cam/formats/mjpeg.hpp
[17.465s] -- Installing: /home/isabella-herrarte/robotica-servicios-2025-iherrl00-reorganizado/P1/ros2_ws/install/usb_cam/include/usb_cam/formats/mono.hpp
[17.465s] -- Installing: /home/isabella-herrarte/robotica-servicios-2025-iherrl00-reorganizado/P1/ros2_ws/install/usb_cam/include/usb_cam/formats/uyvy.hpp
[17.465s] -- Installing: /home/isabella-herrarte/robotica-servicios-2025-iherrl00-reorganizado/P1/ros2_ws/install/usb_cam/include/usb_cam/formats/av_pixel_format_helper.hpp
[17.466s] -- Installing: /home/isabella-herrarte/robotica-servicios-2025-iherrl00-reorganizado/P1/ros2_ws/install/usb_cam/include/usb_cam/formats/yuyv.hpp
[17.466s] -- Installing: /home/isabella-herrarte/robotica-servicios-2025-iherrl00-reorganizado/P1/ros2_ws/install/usb_cam/include/usb_cam/formats/utils.hpp
[17.466s] -- Installing: /home/isabella-herrarte/robotica-servicios-2025-iherrl00-reorganizado/P1/ros2_ws/install/usb_cam/include/usb_cam/formats/pixel_format_base.hpp
[17.466s] -- Installing: /home/isabella-herrarte/robotica-servicios-2025-iherrl00-reorganizado/P1/ros2_ws/install/usb_cam/include/usb_cam/formats/rgb.hpp
[17.466s] -- Installing: /home/isabella-herrarte/robotica-servicios-2025-iherrl00-reorganizado/P1/ros2_ws/install/usb_cam/include/usb_cam/formats/m420.hpp
[17.466s] -- Installing: /home/isabella-herrarte/robotica-servicios-2025-iherrl00-reorganizado/P1/ros2_ws/install/usb_cam/include/usb_cam/conversions.hpp
[17.466s] -- Installing: /home/isabella-herrarte/robotica-servicios-2025-iherrl00-reorganizado/P1/ros2_ws/install/usb_cam/include/usb_cam/utils.hpp
[17.466s] -- Installing: /home/isabella-herrarte/robotica-servicios-2025-iherrl00-reorganizado/P1/ros2_ws/install/usb_cam/include/usb_cam/usb_cam_node.hpp
[17.467s] -- Installing: /home/isabella-herrarte/robotica-servicios-2025-iherrl00-reorganizado/P1/ros2_ws/install/usb_cam/include/usb_cam/usb_cam.hpp
[17.467s] -- Up-to-date: /home/isabella-herrarte/robotica-servicios-2025-iherrl00-reorganizado/P1/ros2_ws/install/usb_cam/lib/libusb_cam_node.so
[17.467s] -- Installing: /home/isabella-herrarte/robotica-servicios-2025-iherrl00-reorganizado/P1/ros2_ws/install/usb_cam/share/usb_cam/launch
[17.467s] -- Installing: /home/isabella-herrarte/robotica-servicios-2025-iherrl00-reorganizado/P1/ros2_ws/install/usb_cam/share/usb_cam/launch/__init__.py
[17.467s] -- Installing: /home/isabella-herrarte/robotica-servicios-2025-iherrl00-reorganizado/P1/ros2_ws/install/usb_cam/share/usb_cam/launch/camera.launch.py
[17.467s] -- Installing: /home/isabella-herrarte/robotica-servicios-2025-iherrl00-reorganizado/P1/ros2_ws/install/usb_cam/share/usb_cam/launch/camera_config.py
[17.467s] -- Installing: /home/isabella-herrarte/robotica-servicios-2025-iherrl00-reorganizado/P1/ros2_ws/install/usb_cam/share/usb_cam/config
[17.467s] -- Installing: /home/isabella-herrarte/robotica-servicios-2025-iherrl00-reorganizado/P1/ros2_ws/install/usb_cam/share/usb_cam/config/params_2.yaml
[17.467s] -- Installing: /home/isabella-herrarte/robotica-servicios-2025-iherrl00-reorganizado/P1/ros2_ws/install/usb_cam/share/usb_cam/config/params_1.yaml
[17.467s] -- Installing: /home/isabella-herrarte/robotica-servicios-2025-iherrl00-reorganizado/P1/ros2_ws/install/usb_cam/share/usb_cam/config/camera_info.yaml
[17.467s] -- Installing: /home/isabella-herrarte/robotica-servicios-2025-iherrl00-reorganizado/P1/ros2_ws/install/usb_cam/share/ament_index/resource_index/package_run_dependencies/usb_cam
[17.467s] -- Installing: /home/isabella-herrarte/robotica-servicios-2025-iherrl00-reorganizado/P1/ros2_ws/install/usb_cam/share/ament_index/resource_index/parent_prefix_path/usb_cam
[17.467s] -- Installing: /home/isabella-herrarte/robotica-servicios-2025-iherrl00-reorganizado/P1/ros2_ws/install/usb_cam/share/usb_cam/environment/ament_prefix_path.sh
[17.467s] -- Installing: /home/isabella-herrarte/robotica-servicios-2025-iherrl00-reorganizado/P1/ros2_ws/install/usb_cam/share/usb_cam/environment/ament_prefix_path.dsv
[17.468s] -- Installing: /home/isabella-herrarte/robotica-servicios-2025-iherrl00-reorganizado/P1/ros2_ws/install/usb_cam/share/usb_cam/environment/path.sh
[17.468s] -- Installing: /home/isabella-herrarte/robotica-servicios-2025-iherrl00-reorganizado/P1/ros2_ws/install/usb_cam/share/usb_cam/environment/path.dsv
[17.468s] -- Installing: /home/isabella-herrarte/robotica-servicios-2025-iherrl00-reorganizado/P1/ros2_ws/install/usb_cam/share/usb_cam/local_setup.bash
[17.468s] -- Installing: /home/isabella-herrarte/robotica-servicios-2025-iherrl00-reorganizado/P1/ros2_ws/install/usb_cam/share/usb_cam/local_setup.sh
[17.468s] -- Installing: /home/isabella-herrarte/robotica-servicios-2025-iherrl00-reorganizado/P1/ros2_ws/install/usb_cam/share/usb_cam/local_setup.zsh
[17.468s] -- Installing: /home/isabella-herrarte/robotica-servicios-2025-iherrl00-reorganizado/P1/ros2_ws/install/usb_cam/share/usb_cam/local_setup.dsv
[17.468s] -- Installing: /home/isabella-herrarte/robotica-servicios-2025-iherrl00-reorganizado/P1/ros2_ws/install/usb_cam/share/usb_cam/package.dsv
[17.468s] -- Installing: /home/isabella-herrarte/robotica-servicios-2025-iherrl00-reorganizado/P1/ros2_ws/install/usb_cam/share/ament_index/resource_index/packages/usb_cam
[17.469s] -- Installing: /home/isabella-herrarte/robotica-servicios-2025-iherrl00-reorganizado/P1/ros2_ws/install/usb_cam/share/ament_index/resource_index/rclcpp_components/usb_cam
[17.469s] -- Installing: /home/isabella-herrarte/robotica-servicios-2025-iherrl00-reorganizado/P1/ros2_ws/install/usb_cam/share/usb_cam/cmake/ament_cmake_export_libraries-extras.cmake
[17.469s] -- Installing: /home/isabella-herrarte/robotica-servicios-2025-iherrl00-reorganizado/P1/ros2_ws/install/usb_cam/share/usb_cam/cmake/ament_cmake_export_dependencies-extras.cmake
[17.469s] -- Installing: /home/isabella-herrarte/robotica-servicios-2025-iherrl00-reorganizado/P1/ros2_ws/install/usb_cam/share/usb_cam/cmake/ament_cmake_export_include_directories-extras.cmake
[17.469s] -- Installing: /home/isabella-herrarte/robotica-servicios-2025-iherrl00-reorganizado/P1/ros2_ws/install/usb_cam/share/usb_cam/cmake/usb_camConfig.cmake
[17.469s] -- Installing: /home/isabella-herrarte/robotica-servicios-2025-iherrl00-reorganizado/P1/ros2_ws/install/usb_cam/share/usb_cam/cmake/usb_camConfig-version.cmake
[17.470s] -- Installing: /home/isabella-herrarte/robotica-servicios-2025-iherrl00-reorganizado/P1/ros2_ws/install/usb_cam/share/usb_cam/package.xml
[17.473s] Invoked command in '/home/isabella-herrarte/robotica-servicios-2025-iherrl00-reorganizado/P1/ros2_ws/build/usb_cam' returned '0': CMAKE_PREFIX_PATH=${CMAKE_PREFIX_PATH}:/opt/ros/jazzy DEBUGINFOD_URLS=https://debuginfod.ubuntu.com /usr/bin/cmake --install /home/isabella-herrarte/robotica-servicios-2025-iherrl00-reorganizado/P1/ros2_ws/build/usb_cam
