-- The C compiler identification is GNU 11.4.0
-- The CXX compiler identification is GNU 11.4.0
-- Detecting C compiler ABI info
-- Detecting C compiler ABI info - done
-- Check for working C compiler: /usr/bin/cc - skipped
-- Detecting C compile features
-- Detecting C compile features - done
-- Detecting CXX compiler ABI info
-- Detecting CXX compiler ABI info - done
-- Check for working CXX compiler: /usr/bin/c++ - skipped
-- Detecting CXX compile features
-- Detecting CXX compile features - done
-- Found ament_cmake: 1.3.13 (/opt/ros/humble/share/ament_cmake/cmake)
-- Found Python3: /usr/bin/python3 (found version "3.10.12") found components: Interpreter 
-- Found rclcpp: 16.0.18 (/opt/ros/humble/share/rclcpp/cmake)
-- Found rosidl_generator_c: 3.1.8 (/opt/ros/humble/share/rosidl_generator_c/cmake)
-- Found rosidl_adapter: 3.1.8 (/opt/ros/humble/share/rosidl_adapter/cmake)
-- Found rosidl_generator_cpp: 3.1.8 (/opt/ros/humble/share/rosidl_generator_cpp/cmake)
-- Using all available rosidl_typesupport_c: rosidl_typesupport_fastrtps_c;rosidl_typesupport_introspection_c
-- Using all available rosidl_typesupport_cpp: rosidl_typesupport_fastrtps_cpp;rosidl_typesupport_introspection_cpp
-- Found rmw_implementation_cmake: 6.1.2 (/opt/ros/humble/share/rmw_implementation_cmake/cmake)
-- Found rmw_fastrtps_cpp: 6.2.10 (/opt/ros/humble/share/rmw_fastrtps_cpp/cmake)
-- Found OpenSSL: /usr/lib/x86_64-linux-gnu/libcrypto.so (found version "3.0.2")  
-- Found FastRTPS: /opt/ros/humble/include  
-- Using RMW implementation 'rmw_fastrtps_cpp' as default
-- Looking for pthread.h
-- Looking for pthread.h - found
-- Performing Test CMAKE_HAVE_LIBC_PTHREAD
-- Performing Test CMAKE_HAVE_LIBC_PTHREAD - Success
-- Found Threads: TRUE  
-- Configuring done
-- Generating done
-- Build files have been written to: /home/user/ros2_ws/build/bt_robot
[ 50%] [32mBuilding CXX object CMakeFiles/bt_robot_node.dir/src/bt_robot_node.cpp.o[0m
[100%] [32m[1mLinking CXX executable bt_robot_node[0m
[100%] Built target bt_robot_node
-- Install configuration: ""
-- Installing: /home/user/ros2_ws/install/bt_robot/lib/bt_robot/bt_robot_node
-- Set runtime path of "/home/user/ros2_ws/install/bt_robot/lib/bt_robot/bt_robot_node" to ""
-- Installing: /home/user/ros2_ws/install/bt_robot/share/bt_robot/trees
-- Installing: /home/user/ros2_ws/install/bt_robot/share/bt_robot/trees/obstacle_tree.xml
-- Installing: /home/user/ros2_ws/install/bt_robot/share/ament_index/resource_index/package_run_dependencies/bt_robot
-- Installing: /home/user/ros2_ws/install/bt_robot/share/ament_index/resource_index/parent_prefix_path/bt_robot
-- Installing: /home/user/ros2_ws/install/bt_robot/share/bt_robot/environment/ament_prefix_path.sh
-- Installing: /home/user/ros2_ws/install/bt_robot/share/bt_robot/environment/ament_prefix_path.dsv
-- Installing: /home/user/ros2_ws/install/bt_robot/share/bt_robot/environment/path.sh
-- Installing: /home/user/ros2_ws/install/bt_robot/share/bt_robot/environment/path.dsv
-- Installing: /home/user/ros2_ws/install/bt_robot/share/bt_robot/local_setup.bash
-- Installing: /home/user/ros2_ws/install/bt_robot/share/bt_robot/local_setup.sh
-- Installing: /home/user/ros2_ws/install/bt_robot/share/bt_robot/local_setup.zsh
-- Installing: /home/user/ros2_ws/install/bt_robot/share/bt_robot/local_setup.dsv
-- Installing: /home/user/ros2_ws/install/bt_robot/share/bt_robot/package.dsv
-- Installing: /home/user/ros2_ws/install/bt_robot/share/ament_index/resource_index/packages/bt_robot
-- Installing: /home/user/ros2_ws/install/bt_robot/share/bt_robot/cmake/bt_robotConfig.cmake
-- Installing: /home/user/ros2_ws/install/bt_robot/share/bt_robot/cmake/bt_robotConfig-version.cmake
-- Installing: /home/user/ros2_ws/install/bt_robot/share/bt_robot/package.xml
