[0.012s] Invoking command in '/home/user/ros2_ws/build/bt_robot': CMAKE_PREFIX_PATH=${CMAKE_PREFIX_PATH}:/opt/ros/humble /usr/bin/cmake /home/user/ros2_ws/src/bt_robot -DCMAKE_INSTALL_PREFIX=/home/user/ros2_ws/install/bt_robot
[0.082s] -- The C compiler identification is GNU 11.4.0
[0.144s] -- The CXX compiler identification is GNU 11.4.0
[0.153s] -- Detecting C compiler ABI info
[0.237s] -- Detecting C compiler ABI info - done
[0.244s] -- Check for working C compiler: /usr/bin/cc - skipped
[0.244s] -- Detecting C compile features
[0.244s] -- Detecting C compile features - done
[0.247s] -- Detecting CXX compiler ABI info
[0.344s] -- Detecting CXX compiler ABI info - done
[0.352s] -- Check for working CXX compiler: /usr/bin/c++ - skipped
[0.352s] -- Detecting CXX compile features
[0.352s] -- Detecting CXX compile features - done
[0.357s] -- Found ament_cmake: 1.3.13 (/opt/ros/humble/share/ament_cmake/cmake)
[0.519s] -- Found Python3: /usr/bin/python3 (found version "3.10.12") found components: Interpreter 
[0.640s] -- Found rclcpp: 16.0.18 (/opt/ros/humble/share/rclcpp/cmake)
[0.701s] -- Found rosidl_generator_c: 3.1.8 (/opt/ros/humble/share/rosidl_generator_c/cmake)
[0.709s] -- Found rosidl_adapter: 3.1.8 (/opt/ros/humble/share/rosidl_adapter/cmake)
[0.721s] -- Found rosidl_generator_cpp: 3.1.8 (/opt/ros/humble/share/rosidl_generator_cpp/cmake)
[0.736s] -- Using all available rosidl_typesupport_c: rosidl_typesupport_fastrtps_c;rosidl_typesupport_introspection_c
[0.757s] -- Using all available rosidl_typesupport_cpp: rosidl_typesupport_fastrtps_cpp;rosidl_typesupport_introspection_cpp
[0.816s] -- Found rmw_implementation_cmake: 6.1.2 (/opt/ros/humble/share/rmw_implementation_cmake/cmake)
[0.821s] -- Found rmw_fastrtps_cpp: 6.2.10 (/opt/ros/humble/share/rmw_fastrtps_cpp/cmake)
[0.970s] -- Found OpenSSL: /usr/lib/x86_64-linux-gnu/libcrypto.so (found version "3.0.2")  
[1.009s] -- Found FastRTPS: /opt/ros/humble/include  
[1.073s] -- Using RMW implementation 'rmw_fastrtps_cpp' as default
[1.086s] -- Looking for pthread.h
[1.180s] -- Looking for pthread.h - found
[1.180s] -- Performing Test CMAKE_HAVE_LIBC_PTHREAD
[1.271s] -- Performing Test CMAKE_HAVE_LIBC_PTHREAD - Success
[1.272s] -- Found Threads: TRUE  
[1.401s] -- Configuring done
[1.411s] -- Generating done
[1.415s] -- Build files have been written to: /home/user/ros2_ws/build/bt_robot
[1.424s] Invoked command in '/home/user/ros2_ws/build/bt_robot' returned '0': CMAKE_PREFIX_PATH=${CMAKE_PREFIX_PATH}:/opt/ros/humble /usr/bin/cmake /home/user/ros2_ws/src/bt_robot -DCMAKE_INSTALL_PREFIX=/home/user/ros2_ws/install/bt_robot
[1.426s] Invoking command in '/home/user/ros2_ws/build/bt_robot': CMAKE_PREFIX_PATH=${CMAKE_PREFIX_PATH}:/opt/ros/humble /usr/bin/cmake --build /home/user/ros2_ws/build/bt_robot -- -j12 -l12
[1.493s] [ 50%] [32mBuilding CXX object CMakeFiles/bt_robot_node.dir/src/bt_robot_node.cpp.o[0m
[4.535s] [100%] [32m[1mLinking CXX executable bt_robot_node[0m
[4.720s] [100%] Built target bt_robot_node
[4.733s] Invoked command in '/home/user/ros2_ws/build/bt_robot' returned '0': CMAKE_PREFIX_PATH=${CMAKE_PREFIX_PATH}:/opt/ros/humble /usr/bin/cmake --build /home/user/ros2_ws/build/bt_robot -- -j12 -l12
[4.745s] Invoking command in '/home/user/ros2_ws/build/bt_robot': CMAKE_PREFIX_PATH=${CMAKE_PREFIX_PATH}:/opt/ros/humble /usr/bin/cmake --install /home/user/ros2_ws/build/bt_robot
[4.753s] -- Install configuration: ""
[4.754s] -- Installing: /home/user/ros2_ws/install/bt_robot/lib/bt_robot/bt_robot_node
[4.754s] -- Set runtime path of "/home/user/ros2_ws/install/bt_robot/lib/bt_robot/bt_robot_node" to ""
[4.755s] -- Installing: /home/user/ros2_ws/install/bt_robot/share/bt_robot/trees
[4.755s] -- Installing: /home/user/ros2_ws/install/bt_robot/share/bt_robot/trees/obstacle_tree.xml
[4.755s] -- Installing: /home/user/ros2_ws/install/bt_robot/share/ament_index/resource_index/package_run_dependencies/bt_robot
[4.755s] -- Installing: /home/user/ros2_ws/install/bt_robot/share/ament_index/resource_index/parent_prefix_path/bt_robot
[4.755s] -- Installing: /home/user/ros2_ws/install/bt_robot/share/bt_robot/environment/ament_prefix_path.sh
[4.755s] -- Installing: /home/user/ros2_ws/install/bt_robot/share/bt_robot/environment/ament_prefix_path.dsv
[4.755s] -- Installing: /home/user/ros2_ws/install/bt_robot/share/bt_robot/environment/path.sh
[4.756s] -- Installing: /home/user/ros2_ws/install/bt_robot/share/bt_robot/environment/path.dsv
[4.756s] -- Installing: /home/user/ros2_ws/install/bt_robot/share/bt_robot/local_setup.bash
[4.756s] -- Installing: /home/user/ros2_ws/install/bt_robot/share/bt_robot/local_setup.sh
[4.756s] -- Installing: /home/user/ros2_ws/install/bt_robot/share/bt_robot/local_setup.zsh
[4.756s] -- Installing: /home/user/ros2_ws/install/bt_robot/share/bt_robot/local_setup.dsv
[4.756s] -- Installing: /home/user/ros2_ws/install/bt_robot/share/bt_robot/package.dsv
[4.757s] -- Installing: /home/user/ros2_ws/install/bt_robot/share/ament_index/resource_index/packages/bt_robot
[4.757s] -- Installing: /home/user/ros2_ws/install/bt_robot/share/bt_robot/cmake/bt_robotConfig.cmake
[4.757s] -- Installing: /home/user/ros2_ws/install/bt_robot/share/bt_robot/cmake/bt_robotConfig-version.cmake
[4.757s] -- Installing: /home/user/ros2_ws/install/bt_robot/share/bt_robot/package.xml
[4.759s] Invoked command in '/home/user/ros2_ws/build/bt_robot' returned '0': CMAKE_PREFIX_PATH=${CMAKE_PREFIX_PATH}:/opt/ros/humble /usr/bin/cmake --install /home/user/ros2_ws/build/bt_robot
