-- Found ament_cmake: 1.3.13 (/opt/ros/humble/share/ament_cmake/cmake)
-- Found rclcpp: 16.0.18 (/opt/ros/humble/share/rclcpp/cmake)
-- Found rosidl_generator_c: 3.1.8 (/opt/ros/humble/share/rosidl_generator_c/cmake)
-- Found rosidl_adapter: 3.1.8 (/opt/ros/humble/share/rosidl_adapter/cmake)
-- Found rosidl_generator_cpp: 3.1.8 (/opt/ros/humble/share/rosidl_generator_cpp/cmake)
-- Using all available rosidl_typesupport_c: rosidl_typesupport_fastrtps_c;rosidl_typesupport_introspection_c
-- Using all available rosidl_typesupport_cpp: rosidl_typesupport_fastrtps_cpp;rosidl_typesupport_introspection_cpp
-- Found rmw_implementation_cmake: 6.1.2 (/opt/ros/humble/share/rmw_implementation_cmake/cmake)
-- Found rmw_fastrtps_cpp: 6.2.10 (/opt/ros/humble/share/rmw_fastrtps_cpp/cmake)
-- Using RMW implementation 'rmw_fastrtps_cpp' as default
-- Configuring done
-- Generating done
-- Build files have been written to: /home/user/ros2_ws/build/bt_robot
[35m[1mConsolidate compiler generated dependencies of target bt_robot_node[0m
[ 25%] [32mBuilding CXX object CMakeFiles/bt_robot_battery_node.dir/src/bt_robot_battery_node.cpp.o[0m
[ 75%] Built target bt_robot_node
[100%] [32m[1mLinking CXX executable bt_robot_battery_node[0m
[100%] Built target bt_robot_battery_node
-- Install configuration: ""
-- Up-to-date: /home/user/ros2_ws/install/bt_robot/lib/bt_robot/bt_robot_node
-- Installing: /home/user/ros2_ws/install/bt_robot/lib/bt_robot/bt_robot_battery_node
-- Set runtime path of "/home/user/ros2_ws/install/bt_robot/lib/bt_robot/bt_robot_battery_node" to ""
-- Up-to-date: /home/user/ros2_ws/install/bt_robot/share/bt_robot/trees
-- Up-to-date: /home/user/ros2_ws/install/bt_robot/share/bt_robot/trees/obstacle_tree.xml
-- Up-to-date: /home/user/ros2_ws/install/bt_robot/share/bt_robot/trees/service_robot_tree.xml
-- Up-to-date: /home/user/ros2_ws/install/bt_robot/share/bt_robot/trees/obstacle_tree_groot.xml
-- Up-to-date: /home/user/ros2_ws/install/bt_robot/share/ament_index/resource_index/package_run_dependencies/bt_robot
-- Installing: /home/user/ros2_ws/install/bt_robot/share/ament_index/resource_index/parent_prefix_path/bt_robot
-- Up-to-date: /home/user/ros2_ws/install/bt_robot/share/bt_robot/environment/ament_prefix_path.sh
-- Installing: /home/user/ros2_ws/install/bt_robot/share/bt_robot/environment/ament_prefix_path.dsv
-- Up-to-date: /home/user/ros2_ws/install/bt_robot/share/bt_robot/environment/path.sh
-- Installing: /home/user/ros2_ws/install/bt_robot/share/bt_robot/environment/path.dsv
-- Up-to-date: /home/user/ros2_ws/install/bt_robot/share/bt_robot/local_setup.bash
-- Up-to-date: /home/user/ros2_ws/install/bt_robot/share/bt_robot/local_setup.sh
-- Up-to-date: /home/user/ros2_ws/install/bt_robot/share/bt_robot/local_setup.zsh
-- Installing: /home/user/ros2_ws/install/bt_robot/share/bt_robot/local_setup.dsv
-- Installing: /home/user/ros2_ws/install/bt_robot/share/bt_robot/package.dsv
-- Up-to-date: /home/user/ros2_ws/install/bt_robot/share/ament_index/resource_index/packages/bt_robot
-- Up-to-date: /home/user/ros2_ws/install/bt_robot/share/bt_robot/cmake/bt_robotConfig.cmake
-- Up-to-date: /home/user/ros2_ws/install/bt_robot/share/bt_robot/cmake/bt_robotConfig-version.cmake
-- Up-to-date: /home/user/ros2_ws/install/bt_robot/share/bt_robot/package.xml
