[0.013s] Invoking command in '/home/user/ros2_ws/build/bt_robot': CMAKE_PREFIX_PATH=${CMAKE_PREFIX_PATH}:/opt/ros/humble /usr/bin/cmake --build /home/user/ros2_ws/build/bt_robot -- -j12 -l12
[0.045s] -- Found ament_cmake: 1.3.13 (/opt/ros/humble/share/ament_cmake/cmake)
[0.171s] -- Found rclcpp: 16.0.18 (/opt/ros/humble/share/rclcpp/cmake)
[0.199s] -- Found rosidl_generator_c: 3.1.8 (/opt/ros/humble/share/rosidl_generator_c/cmake)
[0.202s] -- Found rosidl_adapter: 3.1.8 (/opt/ros/humble/share/rosidl_adapter/cmake)
[0.208s] -- Found rosidl_generator_cpp: 3.1.8 (/opt/ros/humble/share/rosidl_generator_cpp/cmake)
[0.217s] -- Using all available rosidl_typesupport_c: rosidl_typesupport_fastrtps_c;rosidl_typesupport_introspection_c
[0.228s] -- Using all available rosidl_typesupport_cpp: rosidl_typesupport_fastrtps_cpp;rosidl_typesupport_introspection_cpp
[0.258s] -- Found rmw_implementation_cmake: 6.1.2 (/opt/ros/humble/share/rmw_implementation_cmake/cmake)
[0.260s] -- Found rmw_fastrtps_cpp: 6.2.10 (/opt/ros/humble/share/rmw_fastrtps_cpp/cmake)
[0.406s] -- Using RMW implementation 'rmw_fastrtps_cpp' as default
[0.518s] -- Configuring done
[0.531s] -- Generating done
[0.536s] -- Build files have been written to: /home/user/ros2_ws/build/bt_robot
[0.567s] [35m[1mConsolidate compiler generated dependencies of target bt_robot_node[0m
[0.582s] [ 25%] [32mBuilding CXX object CMakeFiles/bt_robot_battery_node.dir/src/bt_robot_battery_node.cpp.o[0m
[0.589s] [ 75%] Built target bt_robot_node
[3.767s] [100%] [32m[1mLinking CXX executable bt_robot_battery_node[0m
[3.935s] [100%] Built target bt_robot_battery_node
[3.950s] Invoked command in '/home/user/ros2_ws/build/bt_robot' returned '0': CMAKE_PREFIX_PATH=${CMAKE_PREFIX_PATH}:/opt/ros/humble /usr/bin/cmake --build /home/user/ros2_ws/build/bt_robot -- -j12 -l12
[3.961s] Invoking command in '/home/user/ros2_ws/build/bt_robot': CMAKE_PREFIX_PATH=${CMAKE_PREFIX_PATH}:/opt/ros/humble /usr/bin/cmake --install /home/user/ros2_ws/build/bt_robot
[3.971s] -- Install configuration: ""
[3.971s] -- Up-to-date: /home/user/ros2_ws/install/bt_robot/lib/bt_robot/bt_robot_node
[3.972s] -- Installing: /home/user/ros2_ws/install/bt_robot/lib/bt_robot/bt_robot_battery_node
[3.972s] -- Set runtime path of "/home/user/ros2_ws/install/bt_robot/lib/bt_robot/bt_robot_battery_node" to ""
[3.972s] -- Up-to-date: /home/user/ros2_ws/install/bt_robot/share/bt_robot/trees
[3.972s] -- Up-to-date: /home/user/ros2_ws/install/bt_robot/share/bt_robot/trees/obstacle_tree.xml
[3.972s] -- Up-to-date: /home/user/ros2_ws/install/bt_robot/share/bt_robot/trees/service_robot_tree.xml
[3.972s] -- Up-to-date: /home/user/ros2_ws/install/bt_robot/share/bt_robot/trees/obstacle_tree_groot.xml
[3.972s] -- Up-to-date: /home/user/ros2_ws/install/bt_robot/share/ament_index/resource_index/package_run_dependencies/bt_robot
[3.972s] -- Installing: /home/user/ros2_ws/install/bt_robot/share/ament_index/resource_index/parent_prefix_path/bt_robot
[3.972s] -- Up-to-date: /home/user/ros2_ws/install/bt_robot/share/bt_robot/environment/ament_prefix_path.sh
[3.972s] -- Installing: /home/user/ros2_ws/install/bt_robot/share/bt_robot/environment/ament_prefix_path.dsv
[3.973s] -- Up-to-date: /home/user/ros2_ws/install/bt_robot/share/bt_robot/environment/path.sh
[3.973s] -- Installing: /home/user/ros2_ws/install/bt_robot/share/bt_robot/environment/path.dsv
[3.973s] -- Up-to-date: /home/user/ros2_ws/install/bt_robot/share/bt_robot/local_setup.bash
[3.973s] -- Up-to-date: /home/user/ros2_ws/install/bt_robot/share/bt_robot/local_setup.sh
[3.973s] -- Up-to-date: /home/user/ros2_ws/install/bt_robot/share/bt_robot/local_setup.zsh
[3.973s] -- Installing: /home/user/ros2_ws/install/bt_robot/share/bt_robot/local_setup.dsv
[3.973s] -- Installing: /home/user/ros2_ws/install/bt_robot/share/bt_robot/package.dsv
[3.973s] -- Up-to-date: /home/user/ros2_ws/install/bt_robot/share/ament_index/resource_index/packages/bt_robot
[3.973s] -- Up-to-date: /home/user/ros2_ws/install/bt_robot/share/bt_robot/cmake/bt_robotConfig.cmake
[3.973s] -- Up-to-date: /home/user/ros2_ws/install/bt_robot/share/bt_robot/cmake/bt_robotConfig-version.cmake
[3.974s] -- Up-to-date: /home/user/ros2_ws/install/bt_robot/share/bt_robot/package.xml
[3.976s] Invoked command in '/home/user/ros2_ws/build/bt_robot' returned '0': CMAKE_PREFIX_PATH=${CMAKE_PREFIX_PATH}:/opt/ros/humble /usr/bin/cmake --install /home/user/ros2_ws/build/bt_robot
