/home/user/ros2_ws/install/yasmin_practicas/lib/python3.10/site-packages/yasmin_practicas/__init__.py
/home/user/ros2_ws/install/yasmin_practicas/lib/python3.10/site-packages/yasmin_practicas/control_node_yasmin.py
/home/user/ros2_ws/install/yasmin_practicas/lib/python3.10/site-packages/yasmin_practicas/yasmin_demo_ejercicio1.py
/home/user/ros2_ws/install/yasmin_practicas/lib/python3.10/site-packages/yasmin_practicas/action_client_monitor.py
/home/user/ros2_ws/install/yasmin_practicas/lib/python3.10/site-packages/yasmin_practicas/service_client_multi.py
/home/user/ros2_ws/install/yasmin_practicas/lib/python3.10/site-packages/yasmin_practicas/yasmin_demo_ejercicio2.py
/home/user/ros2_ws/install/yasmin_practicas/lib/python3.10/site-packages/yasmin_practicas/__pycache__/__init__.cpython-310.pyc
/home/user/ros2_ws/install/yasmin_practicas/lib/python3.10/site-packages/yasmin_practicas/__pycache__/control_node_yasmin.cpython-310.pyc
/home/user/ros2_ws/install/yasmin_practicas/lib/python3.10/site-packages/yasmin_practicas/__pycache__/yasmin_demo_ejercicio1.cpython-310.pyc
/home/user/ros2_ws/install/yasmin_practicas/lib/python3.10/site-packages/yasmin_practicas/__pycache__/action_client_monitor.cpython-310.pyc
/home/user/ros2_ws/install/yasmin_practicas/lib/python3.10/site-packages/yasmin_practicas/__pycache__/service_client_multi.cpython-310.pyc
/home/user/ros2_ws/install/yasmin_practicas/lib/python3.10/site-packages/yasmin_practicas/__pycache__/yasmin_demo_ejercicio2.cpython-310.pyc
/home/user/ros2_ws/install/yasmin_practicas/share/ament_index/resource_index/packages/yasmin_practicas
/home/user/ros2_ws/install/yasmin_practicas/share/yasmin_practicas/package.xml
/home/user/ros2_ws/install/yasmin_practicas/lib/python3.10/site-packages/yasmin_practicas-0.0.0-py3.10.egg-info/top_level.txt
/home/user/ros2_ws/install/yasmin_practicas/lib/python3.10/site-packages/yasmin_practicas-0.0.0-py3.10.egg-info/dependency_links.txt
/home/user/ros2_ws/install/yasmin_practicas/lib/python3.10/site-packages/yasmin_practicas-0.0.0-py3.10.egg-info/entry_points.txt
/home/user/ros2_ws/install/yasmin_practicas/lib/python3.10/site-packages/yasmin_practicas-0.0.0-py3.10.egg-info/zip-safe
/home/user/ros2_ws/install/yasmin_practicas/lib/python3.10/site-packages/yasmin_practicas-0.0.0-py3.10.egg-info/SOURCES.txt
/home/user/ros2_ws/install/yasmin_practicas/lib/python3.10/site-packages/yasmin_practicas-0.0.0-py3.10.egg-info/requires.txt
/home/user/ros2_ws/install/yasmin_practicas/lib/python3.10/site-packages/yasmin_practicas-0.0.0-py3.10.egg-info/PKG-INFO
/home/user/ros2_ws/install/yasmin_practicas/lib/yasmin_practicas/action_client_monitor
/home/user/ros2_ws/install/yasmin_practicas/lib/yasmin_practicas/control_node_yasmin
/home/user/ros2_ws/install/yasmin_practicas/lib/yasmin_practicas/service_client_multi
/home/user/ros2_ws/install/yasmin_practicas/lib/yasmin_practicas/yasmin_demo_ejercicio1
/home/user/ros2_ws/install/yasmin_practicas/lib/yasmin_practicas/yasmin_demo_ejercicio2
