running egg_info
creating ../../build/yasmin_practicas/yasmin_practicas.egg-info
writing ../../build/yasmin_practicas/yasmin_practicas.egg-info/PKG-INFO
writing dependency_links to ../../build/yasmin_practicas/yasmin_practicas.egg-info/dependency_links.txt
writing entry points to ../../build/yasmin_practicas/yasmin_practicas.egg-info/entry_points.txt
writing requirements to ../../build/yasmin_practicas/yasmin_practicas.egg-info/requires.txt
writing top-level names to ../../build/yasmin_practicas/yasmin_practicas.egg-info/top_level.txt
writing manifest file '../../build/yasmin_practicas/yasmin_practicas.egg-info/SOURCES.txt'
reading manifest file '../../build/yasmin_practicas/yasmin_practicas.egg-info/SOURCES.txt'
writing manifest file '../../build/yasmin_practicas/yasmin_practicas.egg-info/SOURCES.txt'
running build
running build_py
creating /home/user/ros2_ws/build/yasmin_practicas/build
creating /home/user/ros2_ws/build/yasmin_practicas/build/lib
creating /home/user/ros2_ws/build/yasmin_practicas/build/lib/yasmin_practicas
copying yasmin_practicas/__init__.py -> /home/user/ros2_ws/build/yasmin_practicas/build/lib/yasmin_practicas
copying yasmin_practicas/yasmin_demo_ejercicio1.py -> /home/user/ros2_ws/build/yasmin_practicas/build/lib/yasmin_practicas
running install
running install_lib
creating /home/user/ros2_ws/install/yasmin_practicas/lib/python3.10/site-packages/yasmin_practicas
copying /home/user/ros2_ws/build/yasmin_practicas/build/lib/yasmin_practicas/__init__.py -> /home/user/ros2_ws/install/yasmin_practicas/lib/python3.10/site-packages/yasmin_practicas
copying /home/user/ros2_ws/build/yasmin_practicas/build/lib/yasmin_practicas/yasmin_demo_ejercicio1.py -> /home/user/ros2_ws/install/yasmin_practicas/lib/python3.10/site-packages/yasmin_practicas
byte-compiling /home/user/ros2_ws/install/yasmin_practicas/lib/python3.10/site-packages/yasmin_practicas/__init__.py to __init__.cpython-310.pyc
byte-compiling /home/user/ros2_ws/install/yasmin_practicas/lib/python3.10/site-packages/yasmin_practicas/yasmin_demo_ejercicio1.py to yasmin_demo_ejercicio1.cpython-310.pyc
running install_data
creating /home/user/ros2_ws/install/yasmin_practicas/share/ament_index
creating /home/user/ros2_ws/install/yasmin_practicas/share/ament_index/resource_index
creating /home/user/ros2_ws/install/yasmin_practicas/share/ament_index/resource_index/packages
copying resource/yasmin_practicas -> /home/user/ros2_ws/install/yasmin_practicas/share/ament_index/resource_index/packages
copying package.xml -> /home/user/ros2_ws/install/yasmin_practicas/share/yasmin_practicas
running install_egg_info
Copying ../../build/yasmin_practicas/yasmin_practicas.egg-info to /home/user/ros2_ws/install/yasmin_practicas/lib/python3.10/site-packages/yasmin_practicas-0.0.0-py3.10.egg-info
running install_scripts
Installing yasmin_demo_ejercicio1 script to /home/user/ros2_ws/install/yasmin_practicas/lib/yasmin_practicas
writing list of installed files to '/home/user/ros2_ws/build/yasmin_practicas/install.log'
