[0.041s] Invoking command in '/home/isabella-herrarte/robotica-servicios-2025-iherrl00-reorganizado/P1/ros2_ws/build/cpp_pubsub': CMAKE_PREFIX_PATH=${CMAKE_PREFIX_PATH}:/opt/ros/jazzy DEBUGINFOD_URLS=https://debuginfod.ubuntu.com /usr/bin/cmake /home/isabella-herrarte/robotica-servicios-2025-iherrl00-reorganizado/P1/ros2_ws/src/cpp_pubsub -DCMAKE_INSTALL_PREFIX=/home/isabella-herrarte/robotica-servicios-2025-iherrl00-reorganizado/P1/ros2_ws/install/cpp_pubsub
[0.467s] -- The C compiler identification is GNU 13.3.0
[0.468s] -- The CXX compiler identification is GNU 13.3.0
[0.468s] -- Detecting C compiler ABI info
[0.511s] -- Detecting C compiler ABI info - done
[0.528s] -- Check for working C compiler: /usr/bin/cc - skipped
[0.529s] -- Detecting C compile features
[0.530s] -- Detecting C compile features - done
[0.551s] -- Detecting CXX compiler ABI info
[0.777s] -- Detecting CXX compiler ABI info - done
[0.796s] -- Check for working CXX compiler: /usr/bin/c++ - skipped
[0.796s] -- Detecting CXX compile features
[0.797s] -- Detecting CXX compile features - done
[0.808s] -- Found ament_cmake: 2.5.4 (/opt/ros/jazzy/share/ament_cmake/cmake)
[1.119s] -- Found Python3: /usr/bin/python3 (found version "3.12.3") found components: Interpreter 
[1.383s] -- Found rclcpp: 28.1.13 (/opt/ros/jazzy/share/rclcpp/cmake)
[1.507s] -- Found rosidl_generator_c: 4.6.6 (/opt/ros/jazzy/share/rosidl_generator_c/cmake)
[1.548s] -- Found rosidl_generator_cpp: 4.6.6 (/opt/ros/jazzy/share/rosidl_generator_cpp/cmake)
[1.594s] -- Using all available rosidl_typesupport_c: rosidl_typesupport_fastrtps_c;rosidl_typesupport_introspection_c
[1.643s] -- Using all available rosidl_typesupport_cpp: rosidl_typesupport_fastrtps_cpp;rosidl_typesupport_introspection_cpp
[1.840s] -- Found rmw_implementation_cmake: 7.3.2 (/opt/ros/jazzy/share/rmw_implementation_cmake/cmake)
[1.850s] -- Found rmw_fastrtps_cpp: 8.4.3 (/opt/ros/jazzy/share/rmw_fastrtps_cpp/cmake)
[2.099s] -- Found OpenSSL: /usr/lib/x86_64-linux-gnu/libcrypto.so (found version "3.0.13")  
[2.143s] -- Found FastRTPS: /opt/ros/jazzy/include (Required is at least version "2.13") 
[2.195s] -- Using RMW implementation 'rmw_fastrtps_cpp' as default
[2.371s] -- Found std_msgs: 5.3.6 (/opt/ros/jazzy/share/std_msgs/cmake)
[2.407s] -- Found ament_lint_auto: 0.17.3 (/opt/ros/jazzy/share/ament_lint_auto/cmake)
[2.622s] -- Added test 'cppcheck' to perform static code analysis on C / C++ code
[2.622s] -- Configured cppcheck include dirs: 
[2.622s] -- Configured cppcheck exclude dirs and/or files: 
[2.623s] -- Added test 'lint_cmake' to check CMake code style
[2.626s] -- Added test 'uncrustify' to check C / C++ code style
[2.626s] -- Configured uncrustify additional arguments: 
[2.628s] -- Added test 'xmllint' to check XML markup files
[2.631s] -- Configuring done (2.6s)
[2.657s] -- Generating done (0.0s)
[2.666s] -- Build files have been written to: /home/isabella-herrarte/robotica-servicios-2025-iherrl00-reorganizado/P1/ros2_ws/build/cpp_pubsub
[2.683s] Invoked command in '/home/isabella-herrarte/robotica-servicios-2025-iherrl00-reorganizado/P1/ros2_ws/build/cpp_pubsub' returned '0': CMAKE_PREFIX_PATH=${CMAKE_PREFIX_PATH}:/opt/ros/jazzy DEBUGINFOD_URLS=https://debuginfod.ubuntu.com /usr/bin/cmake /home/isabella-herrarte/robotica-servicios-2025-iherrl00-reorganizado/P1/ros2_ws/src/cpp_pubsub -DCMAKE_INSTALL_PREFIX=/home/isabella-herrarte/robotica-servicios-2025-iherrl00-reorganizado/P1/ros2_ws/install/cpp_pubsub
[2.685s] Invoking command in '/home/isabella-herrarte/robotica-servicios-2025-iherrl00-reorganizado/P1/ros2_ws/build/cpp_pubsub': CMAKE_PREFIX_PATH=${CMAKE_PREFIX_PATH}:/opt/ros/jazzy DEBUGINFOD_URLS=https://debuginfod.ubuntu.com /usr/bin/cmake --build /home/isabella-herrarte/robotica-servicios-2025-iherrl00-reorganizado/P1/ros2_ws/build/cpp_pubsub -- -j12 -l12
[2.796s] [ 25%] [32mBuilding CXX object CMakeFiles/talker.dir/src/publisher_lambda_function.cpp.o[0m
[2.797s] [ 50%] [32mBuilding CXX object CMakeFiles/listener.dir/src/subscriber_lambda_function.cpp.o[0m
[9.804s] [ 75%] [32m[1mLinking CXX executable talker[0m
[10.160s] [ 75%] Built target talker
[13.433s] [100%] [32m[1mLinking CXX executable listener[0m
[13.740s] [100%] Built target listener
[13.756s] Invoked command in '/home/isabella-herrarte/robotica-servicios-2025-iherrl00-reorganizado/P1/ros2_ws/build/cpp_pubsub' returned '0': CMAKE_PREFIX_PATH=${CMAKE_PREFIX_PATH}:/opt/ros/jazzy DEBUGINFOD_URLS=https://debuginfod.ubuntu.com /usr/bin/cmake --build /home/isabella-herrarte/robotica-servicios-2025-iherrl00-reorganizado/P1/ros2_ws/build/cpp_pubsub -- -j12 -l12
[13.770s] Invoking command in '/home/isabella-herrarte/robotica-servicios-2025-iherrl00-reorganizado/P1/ros2_ws/build/cpp_pubsub': CMAKE_PREFIX_PATH=${CMAKE_PREFIX_PATH}:/opt/ros/jazzy DEBUGINFOD_URLS=https://debuginfod.ubuntu.com /usr/bin/cmake --install /home/isabella-herrarte/robotica-servicios-2025-iherrl00-reorganizado/P1/ros2_ws/build/cpp_pubsub
[13.780s] -- Install configuration: ""
[13.780s] -- Installing: /home/isabella-herrarte/robotica-servicios-2025-iherrl00-reorganizado/P1/ros2_ws/install/cpp_pubsub/lib/cpp_pubsub/talker
[13.782s] -- Set non-toolchain portion of runtime path of "/home/isabella-herrarte/robotica-servicios-2025-iherrl00-reorganizado/P1/ros2_ws/install/cpp_pubsub/lib/cpp_pubsub/talker" to ""
[13.782s] -- Installing: /home/isabella-herrarte/robotica-servicios-2025-iherrl00-reorganizado/P1/ros2_ws/install/cpp_pubsub/lib/cpp_pubsub/listener
[13.787s] -- Set non-toolchain portion of runtime path of "/home/isabella-herrarte/robotica-servicios-2025-iherrl00-reorganizado/P1/ros2_ws/install/cpp_pubsub/lib/cpp_pubsub/listener" to ""
[13.787s] -- Installing: /home/isabella-herrarte/robotica-servicios-2025-iherrl00-reorganizado/P1/ros2_ws/install/cpp_pubsub/share/ament_index/resource_index/package_run_dependencies/cpp_pubsub
[13.787s] -- Installing: /home/isabella-herrarte/robotica-servicios-2025-iherrl00-reorganizado/P1/ros2_ws/install/cpp_pubsub/share/ament_index/resource_index/parent_prefix_path/cpp_pubsub
[13.787s] -- Installing: /home/isabella-herrarte/robotica-servicios-2025-iherrl00-reorganizado/P1/ros2_ws/install/cpp_pubsub/share/cpp_pubsub/environment/ament_prefix_path.sh
[13.787s] -- Installing: /home/isabella-herrarte/robotica-servicios-2025-iherrl00-reorganizado/P1/ros2_ws/install/cpp_pubsub/share/cpp_pubsub/environment/ament_prefix_path.dsv
[13.788s] -- Installing: /home/isabella-herrarte/robotica-servicios-2025-iherrl00-reorganizado/P1/ros2_ws/install/cpp_pubsub/share/cpp_pubsub/environment/path.sh
[13.788s] -- Installing: /home/isabella-herrarte/robotica-servicios-2025-iherrl00-reorganizado/P1/ros2_ws/install/cpp_pubsub/share/cpp_pubsub/environment/path.dsv
[13.788s] -- Installing: /home/isabella-herrarte/robotica-servicios-2025-iherrl00-reorganizado/P1/ros2_ws/install/cpp_pubsub/share/cpp_pubsub/local_setup.bash
[13.788s] -- Installing: /home/isabella-herrarte/robotica-servicios-2025-iherrl00-reorganizado/P1/ros2_ws/install/cpp_pubsub/share/cpp_pubsub/local_setup.sh
[13.788s] -- Installing: /home/isabella-herrarte/robotica-servicios-2025-iherrl00-reorganizado/P1/ros2_ws/install/cpp_pubsub/share/cpp_pubsub/local_setup.zsh
[13.788s] -- Installing: /home/isabella-herrarte/robotica-servicios-2025-iherrl00-reorganizado/P1/ros2_ws/install/cpp_pubsub/share/cpp_pubsub/local_setup.dsv
[13.788s] -- Installing: /home/isabella-herrarte/robotica-servicios-2025-iherrl00-reorganizado/P1/ros2_ws/install/cpp_pubsub/share/cpp_pubsub/package.dsv
[13.789s] -- Installing: /home/isabella-herrarte/robotica-servicios-2025-iherrl00-reorganizado/P1/ros2_ws/install/cpp_pubsub/share/ament_index/resource_index/packages/cpp_pubsub
[13.789s] -- Installing: /home/isabella-herrarte/robotica-servicios-2025-iherrl00-reorganizado/P1/ros2_ws/install/cpp_pubsub/share/cpp_pubsub/cmake/cpp_pubsubConfig.cmake
[13.789s] -- Installing: /home/isabella-herrarte/robotica-servicios-2025-iherrl00-reorganizado/P1/ros2_ws/install/cpp_pubsub/share/cpp_pubsub/cmake/cpp_pubsubConfig-version.cmake
[13.789s] -- Installing: /home/isabella-herrarte/robotica-servicios-2025-iherrl00-reorganizado/P1/ros2_ws/install/cpp_pubsub/share/cpp_pubsub/package.xml
[13.792s] Invoked command in '/home/isabella-herrarte/robotica-servicios-2025-iherrl00-reorganizado/P1/ros2_ws/build/cpp_pubsub' returned '0': CMAKE_PREFIX_PATH=${CMAKE_PREFIX_PATH}:/opt/ros/jazzy DEBUGINFOD_URLS=https://debuginfod.ubuntu.com /usr/bin/cmake --install /home/isabella-herrarte/robotica-servicios-2025-iherrl00-reorganizado/P1/ros2_ws/build/cpp_pubsub
