[0.248s] DEBUG:colcon:Command line arguments: ['/usr/bin/colcon', 'build', '--packages-select', 'yasmin_practicas']
[0.249s] DEBUG:colcon:Parsed command line arguments: Namespace(log_base=None, log_level=None, verb_name='build', build_base='build', install_base='install', merge_install=False, symlink_install=False, test_result_base=None, continue_on_error=False, executor='parallel', parallel_workers=12, event_handlers=None, ignore_user_meta=False, metas=['./colcon.meta'], base_paths=['.'], packages_ignore=None, packages_ignore_regex=None, paths=None, packages_up_to=None, packages_up_to_regex=None, packages_above=None, packages_above_and_dependencies=None, packages_above_depth=None, packages_select_by_dep=None, packages_skip_by_dep=None, packages_skip_up_to=None, packages_select_build_failed=False, packages_skip_build_finished=False, packages_select_test_failures=False, packages_skip_test_passed=False, packages_select=['yasmin_practicas'], packages_skip=None, packages_select_regex=None, packages_skip_regex=None, packages_start=None, packages_end=None, allow_overriding=[], cmake_args=None, cmake_target=None, cmake_target_skip_unavailable=False, cmake_clean_cache=False, cmake_clean_first=False, cmake_force_configure=False, ament_cmake_args=None, catkin_cmake_args=None, catkin_skip_building_tests=False, mixin_files=None, mixin=None, verb_parser=<colcon_mixin.mixin.mixin_argument.MixinArgumentDecorator object at 0x7591fa76f310>, verb_extension=<colcon_core.verb.build.BuildVerb object at 0x7591faa101f0>, main=<bound method BuildVerb.main of <colcon_core.verb.build.BuildVerb object at 0x7591faa101f0>>, mixin_verb=('build',))
[0.582s] Level 1:colcon.colcon_core.package_discovery:discover_packages(colcon_meta) check parameters
[0.582s] Level 1:colcon.colcon_core.package_discovery:discover_packages(recursive) check parameters
[0.582s] Level 1:colcon.colcon_core.package_discovery:discover_packages(ignore) check parameters
[0.582s] Level 1:colcon.colcon_core.package_discovery:discover_packages(path) check parameters
[0.582s] Level 1:colcon.colcon_core.package_discovery:discover_packages(colcon_meta) discover
[0.582s] Level 1:colcon.colcon_core.package_discovery:discover_packages(recursive) discover
[0.582s] INFO:colcon.colcon_core.package_discovery:Crawling recursively for packages in '/home/user/ros2_ws'
[0.582s] Level 1:colcon.colcon_core.package_identification:_identify(.) by extensions ['ignore', 'ignore_ament_install']
[0.582s] Level 1:colcon.colcon_core.package_identification:_identify(.) by extension 'ignore'
[0.582s] Level 1:colcon.colcon_core.package_identification:_identify(.) by extension 'ignore_ament_install'
[0.583s] Level 1:colcon.colcon_core.package_identification:_identify(.) by extensions ['colcon_pkg']
[0.583s] Level 1:colcon.colcon_core.package_identification:_identify(.) by extension 'colcon_pkg'
[0.583s] Level 1:colcon.colcon_core.package_identification:_identify(.) by extensions ['colcon_meta']
[0.583s] Level 1:colcon.colcon_core.package_identification:_identify(.) by extension 'colcon_meta'
[0.583s] Level 1:colcon.colcon_core.package_identification:_identify(.) by extensions ['ros']
[0.583s] Level 1:colcon.colcon_core.package_identification:_identify(.) by extension 'ros'
[0.618s] Level 1:colcon.colcon_core.package_identification:_identify(.) by extensions ['cmake', 'python']
[0.618s] Level 1:colcon.colcon_core.package_identification:_identify(.) by extension 'cmake'
[0.618s] Level 1:colcon.colcon_core.package_identification:_identify(.) by extension 'python'
[0.618s] Level 1:colcon.colcon_core.package_identification:_identify(.) by extensions ['python_setup_py']
[0.618s] Level 1:colcon.colcon_core.package_identification:_identify(.) by extension 'python_setup_py'
[0.619s] Level 1:colcon.colcon_core.package_identification:_identify(build) by extensions ['ignore', 'ignore_ament_install']
[0.619s] Level 1:colcon.colcon_core.package_identification:_identify(build) by extension 'ignore'
[0.619s] Level 1:colcon.colcon_core.package_identification:_identify(build) ignored
[0.619s] Level 1:colcon.colcon_core.package_identification:_identify(install) by extensions ['ignore', 'ignore_ament_install']
[0.619s] Level 1:colcon.colcon_core.package_identification:_identify(install) by extension 'ignore'
[0.619s] Level 1:colcon.colcon_core.package_identification:_identify(install) ignored
[0.620s] Level 1:colcon.colcon_core.package_identification:_identify(log) by extensions ['ignore', 'ignore_ament_install']
[0.620s] Level 1:colcon.colcon_core.package_identification:_identify(log) by extension 'ignore'
[0.620s] Level 1:colcon.colcon_core.package_identification:_identify(log) ignored
[0.620s] Level 1:colcon.colcon_core.package_identification:_identify(src) by extensions ['ignore', 'ignore_ament_install']
[0.620s] Level 1:colcon.colcon_core.package_identification:_identify(src) by extension 'ignore'
[0.620s] Level 1:colcon.colcon_core.package_identification:_identify(src) by extension 'ignore_ament_install'
[0.620s] Level 1:colcon.colcon_core.package_identification:_identify(src) by extensions ['colcon_pkg']
[0.620s] Level 1:colcon.colcon_core.package_identification:_identify(src) by extension 'colcon_pkg'
[0.620s] Level 1:colcon.colcon_core.package_identification:_identify(src) by extensions ['colcon_meta']
[0.620s] Level 1:colcon.colcon_core.package_identification:_identify(src) by extension 'colcon_meta'
[0.620s] Level 1:colcon.colcon_core.package_identification:_identify(src) by extensions ['ros']
[0.620s] Level 1:colcon.colcon_core.package_identification:_identify(src) by extension 'ros'
[0.620s] Level 1:colcon.colcon_core.package_identification:_identify(src) by extensions ['cmake', 'python']
[0.621s] Level 1:colcon.colcon_core.package_identification:_identify(src) by extension 'cmake'
[0.621s] Level 1:colcon.colcon_core.package_identification:_identify(src) by extension 'python'
[0.621s] Level 1:colcon.colcon_core.package_identification:_identify(src) by extensions ['python_setup_py']
[0.621s] Level 1:colcon.colcon_core.package_identification:_identify(src) by extension 'python_setup_py'
[0.621s] Level 1:colcon.colcon_core.package_identification:_identify(src/yasmin_practicas) by extensions ['ignore', 'ignore_ament_install']
[0.621s] Level 1:colcon.colcon_core.package_identification:_identify(src/yasmin_practicas) by extension 'ignore'
[0.621s] Level 1:colcon.colcon_core.package_identification:_identify(src/yasmin_practicas) by extension 'ignore_ament_install'
[0.621s] Level 1:colcon.colcon_core.package_identification:_identify(src/yasmin_practicas) by extensions ['colcon_pkg']
[0.621s] Level 1:colcon.colcon_core.package_identification:_identify(src/yasmin_practicas) by extension 'colcon_pkg'
[0.621s] Level 1:colcon.colcon_core.package_identification:_identify(src/yasmin_practicas) by extensions ['colcon_meta']
[0.621s] Level 1:colcon.colcon_core.package_identification:_identify(src/yasmin_practicas) by extension 'colcon_meta'
[0.622s] Level 1:colcon.colcon_core.package_identification:_identify(src/yasmin_practicas) by extensions ['ros']
[0.622s] Level 1:colcon.colcon_core.package_identification:_identify(src/yasmin_practicas) by extension 'ros'
[0.626s] DEBUG:colcon.colcon_core.package_identification:Package 'src/yasmin_practicas' with type 'ros.ament_python' and name 'yasmin_practicas'
[0.626s] Level 1:colcon.colcon_core.package_discovery:discover_packages(recursive) using defaults
[0.626s] Level 1:colcon.colcon_core.package_discovery:discover_packages(ignore) discover
[0.626s] Level 1:colcon.colcon_core.package_discovery:discover_packages(ignore) using defaults
[0.626s] Level 1:colcon.colcon_core.package_discovery:discover_packages(path) discover
[0.626s] Level 1:colcon.colcon_core.package_discovery:discover_packages(path) using defaults
[0.662s] Level 1:colcon.colcon_core.package_discovery:discover_packages(prefix_path) check parameters
[0.662s] Level 1:colcon.colcon_core.package_discovery:discover_packages(prefix_path) discover
[0.664s] WARNING:colcon.colcon_ros.prefix_path.ament:The path '/home/user/ros2_ws/install/yasmin_practicas' in the environment variable AMENT_PREFIX_PATH doesn't exist
[0.666s] DEBUG:colcon.colcon_installed_package_information.package_discovery:Found 0 installed packages in /home/user/ros2_ws/install
[0.667s] DEBUG:colcon.colcon_installed_package_information.package_discovery:Found 7 installed packages in /home/user/yasmin_ws/install
[0.672s] DEBUG:colcon.colcon_installed_package_information.package_discovery:Found 443 installed packages in /opt/ros/humble
[0.675s] Level 1:colcon.colcon_core.package_discovery:discover_packages(prefix_path) using defaults
[0.773s] Level 5:colcon.colcon_core.verb:set package 'yasmin_practicas' build argument 'cmake_args' from command line to 'None'
[0.773s] Level 5:colcon.colcon_core.verb:set package 'yasmin_practicas' build argument 'cmake_target' from command line to 'None'
[0.773s] Level 5:colcon.colcon_core.verb:set package 'yasmin_practicas' build argument 'cmake_target_skip_unavailable' from command line to 'False'
[0.773s] Level 5:colcon.colcon_core.verb:set package 'yasmin_practicas' build argument 'cmake_clean_cache' from command line to 'False'
[0.773s] Level 5:colcon.colcon_core.verb:set package 'yasmin_practicas' build argument 'cmake_clean_first' from command line to 'False'
[0.773s] Level 5:colcon.colcon_core.verb:set package 'yasmin_practicas' build argument 'cmake_force_configure' from command line to 'False'
[0.773s] Level 5:colcon.colcon_core.verb:set package 'yasmin_practicas' build argument 'ament_cmake_args' from command line to 'None'
[0.773s] Level 5:colcon.colcon_core.verb:set package 'yasmin_practicas' build argument 'catkin_cmake_args' from command line to 'None'
[0.773s] Level 5:colcon.colcon_core.verb:set package 'yasmin_practicas' build argument 'catkin_skip_building_tests' from command line to 'False'
[0.773s] DEBUG:colcon.colcon_core.verb:Building package 'yasmin_practicas' with the following arguments: {'ament_cmake_args': None, 'build_base': '/home/user/ros2_ws/build/yasmin_practicas', 'catkin_cmake_args': None, 'catkin_skip_building_tests': False, 'cmake_args': None, 'cmake_clean_cache': False, 'cmake_clean_first': False, 'cmake_force_configure': False, 'cmake_target': None, 'cmake_target_skip_unavailable': False, 'install_base': '/home/user/ros2_ws/install/yasmin_practicas', 'merge_install': False, 'path': '/home/user/ros2_ws/src/yasmin_practicas', 'symlink_install': False, 'test_result_base': None}
[0.774s] INFO:colcon.colcon_core.executor:Executing jobs using 'parallel' executor
[0.776s] DEBUG:colcon.colcon_parallel_executor.executor.parallel:run_until_complete
[0.776s] INFO:colcon.colcon_ros.task.ament_python.build:Building ROS package in '/home/user/ros2_ws/src/yasmin_practicas' with build type 'ament_python'
[0.776s] Level 1:colcon.colcon_core.shell:create_environment_hook('yasmin_practicas', 'ament_prefix_path')
[0.780s] INFO:colcon.colcon_core.plugin_system:Skipping extension 'colcon_core.shell.bat': Not used on non-Windows systems
[0.780s] INFO:colcon.colcon_core.shell:Creating environment hook '/home/user/ros2_ws/install/yasmin_practicas/share/yasmin_practicas/hook/ament_prefix_path.ps1'
[0.781s] INFO:colcon.colcon_core.shell:Creating environment descriptor '/home/user/ros2_ws/install/yasmin_practicas/share/yasmin_practicas/hook/ament_prefix_path.dsv'
[0.782s] INFO:colcon.colcon_core.shell:Creating environment hook '/home/user/ros2_ws/install/yasmin_practicas/share/yasmin_practicas/hook/ament_prefix_path.sh'
[0.783s] INFO:colcon.colcon_core.shell:Skip shell extension 'powershell' for command environment: Not usable outside of PowerShell
[0.783s] DEBUG:colcon.colcon_core.shell:Skip shell extension 'dsv' for command environment
[1.292s] INFO:colcon.colcon_core.task.python.build:Building Python package in '/home/user/ros2_ws/src/yasmin_practicas'
[1.293s] INFO:colcon.colcon_core.shell:Skip shell extension 'powershell' for command environment: Not usable outside of PowerShell
[1.293s] DEBUG:colcon.colcon_core.shell:Skip shell extension 'dsv' for command environment
[2.001s] DEBUG:colcon.colcon_core.event_handler.log_command:Invoking command in '/home/user/ros2_ws/src/yasmin_practicas': PYTHONPATH=/home/user/ros2_ws/build/yasmin_practicas/prefix_override:/usr/lib/python3/dist-packages/colcon_core/task/python/colcon_distutils_commands:/home/user/ros2_ws/install/yasmin_practicas/lib/python3.10/site-packages:${PYTHONPATH} /usr/bin/python3 -W ignore:setup.py install is deprecated -W ignore:easy_install command is deprecated setup.py egg_info --egg-base ../../build/yasmin_practicas build --build-base /home/user/ros2_ws/build/yasmin_practicas/build install --record /home/user/ros2_ws/build/yasmin_practicas/install.log --single-version-externally-managed install_data
[2.574s] DEBUG:colcon.colcon_core.event_handler.log_command:Invoked command in '/home/user/ros2_ws/src/yasmin_practicas' returned '0': PYTHONPATH=/home/user/ros2_ws/build/yasmin_practicas/prefix_override:/usr/lib/python3/dist-packages/colcon_core/task/python/colcon_distutils_commands:/home/user/ros2_ws/install/yasmin_practicas/lib/python3.10/site-packages:${PYTHONPATH} /usr/bin/python3 -W ignore:setup.py install is deprecated -W ignore:easy_install command is deprecated setup.py egg_info --egg-base ../../build/yasmin_practicas build --build-base /home/user/ros2_ws/build/yasmin_practicas/build install --record /home/user/ros2_ws/build/yasmin_practicas/install.log --single-version-externally-managed install_data
[2.578s] Level 1:colcon.colcon_core.environment:checking '/home/user/ros2_ws/install/yasmin_practicas' for CMake module files
[2.578s] Level 1:colcon.colcon_core.environment:checking '/home/user/ros2_ws/install/yasmin_practicas' for CMake config files
[2.580s] Level 1:colcon.colcon_core.environment:checking '/home/user/ros2_ws/install/yasmin_practicas/lib'
[2.580s] Level 1:colcon.colcon_core.environment:checking '/home/user/ros2_ws/install/yasmin_practicas/bin'
[2.580s] Level 1:colcon.colcon_core.environment:checking '/home/user/ros2_ws/install/yasmin_practicas/lib/pkgconfig/yasmin_practicas.pc'
[2.580s] Level 1:colcon.colcon_core.environment:checking '/home/user/ros2_ws/install/yasmin_practicas/lib/python3.10/site-packages'
[2.580s] Level 1:colcon.colcon_core.shell:create_environment_hook('yasmin_practicas', 'pythonpath')
[2.581s] INFO:colcon.colcon_core.shell:Creating environment hook '/home/user/ros2_ws/install/yasmin_practicas/share/yasmin_practicas/hook/pythonpath.ps1'
[2.581s] INFO:colcon.colcon_core.shell:Creating environment descriptor '/home/user/ros2_ws/install/yasmin_practicas/share/yasmin_practicas/hook/pythonpath.dsv'
[2.582s] INFO:colcon.colcon_core.shell:Creating environment hook '/home/user/ros2_ws/install/yasmin_practicas/share/yasmin_practicas/hook/pythonpath.sh'
[2.584s] Level 1:colcon.colcon_core.environment:checking '/home/user/ros2_ws/install/yasmin_practicas/bin'
[2.584s] Level 1:colcon.colcon_core.environment:create_environment_scripts_only(yasmin_practicas)
[2.584s] INFO:colcon.colcon_core.shell:Creating package script '/home/user/ros2_ws/install/yasmin_practicas/share/yasmin_practicas/package.ps1'
[2.586s] INFO:colcon.colcon_core.shell:Creating package descriptor '/home/user/ros2_ws/install/yasmin_practicas/share/yasmin_practicas/package.dsv'
[2.587s] INFO:colcon.colcon_core.shell:Creating package script '/home/user/ros2_ws/install/yasmin_practicas/share/yasmin_practicas/package.sh'
[2.588s] INFO:colcon.colcon_core.shell:Creating package script '/home/user/ros2_ws/install/yasmin_practicas/share/yasmin_practicas/package.bash'
[2.589s] INFO:colcon.colcon_core.shell:Creating package script '/home/user/ros2_ws/install/yasmin_practicas/share/yasmin_practicas/package.zsh'
[2.590s] Level 1:colcon.colcon_core.environment:create_file_with_runtime_dependencies(/home/user/ros2_ws/install/yasmin_practicas/share/colcon-core/packages/yasmin_practicas)
[2.591s] DEBUG:colcon.colcon_parallel_executor.executor.parallel:closing loop
[2.591s] DEBUG:colcon.colcon_parallel_executor.executor.parallel:loop closed
[2.591s] DEBUG:colcon.colcon_parallel_executor.executor.parallel:run_until_complete finished with '0'
[2.591s] DEBUG:colcon.colcon_core.event_reactor:joining thread
[2.600s] INFO:colcon.colcon_core.plugin_system:Skipping extension 'colcon_notification.desktop_notification.notify_send': Could not find 'notify-send'
[2.600s] INFO:colcon.colcon_core.plugin_system:Skipping extension 'colcon_notification.desktop_notification.terminal_notifier': Not used on non-Darwin systems
[2.600s] INFO:colcon.colcon_core.plugin_system:Skipping extension 'colcon_notification.desktop_notification.win32': Not used on non-Windows systems
[2.600s] INFO:colcon.colcon_notification.desktop_notification:Sending desktop notification using 'notify2'
[2.607s] DEBUG:colcon.colcon_notification.desktop_notification.notify2:Failed to initialize notify2: org.freedesktop.DBus.Error.Spawn.ExecFailed: /usr/bin/dbus-launch terminated abnormally without any error message
[2.608s] DEBUG:colcon.colcon_core.event_reactor:joined thread
[2.609s] INFO:colcon.colcon_core.shell:Creating prefix script '/home/user/ros2_ws/install/local_setup.ps1'
[2.611s] INFO:colcon.colcon_core.shell:Creating prefix util module '/home/user/ros2_ws/install/_local_setup_util_ps1.py'
[2.614s] INFO:colcon.colcon_core.shell:Creating prefix chain script '/home/user/ros2_ws/install/setup.ps1'
[2.617s] INFO:colcon.colcon_core.shell:Creating prefix script '/home/user/ros2_ws/install/local_setup.sh'
[2.618s] INFO:colcon.colcon_core.shell:Creating prefix util module '/home/user/ros2_ws/install/_local_setup_util_sh.py'
[2.619s] INFO:colcon.colcon_core.shell:Creating prefix chain script '/home/user/ros2_ws/install/setup.sh'
[2.622s] INFO:colcon.colcon_core.shell:Creating prefix script '/home/user/ros2_ws/install/local_setup.bash'
[2.623s] INFO:colcon.colcon_core.shell:Creating prefix chain script '/home/user/ros2_ws/install/setup.bash'
[2.625s] INFO:colcon.colcon_core.shell:Creating prefix script '/home/user/ros2_ws/install/local_setup.zsh'
[2.626s] INFO:colcon.colcon_core.shell:Creating prefix chain script '/home/user/ros2_ws/install/setup.zsh'
